        -:    0:Source:C:/Users/Ale/Desktop/sim_rochii/Repo.h
        -:    0:Graph:C:\Users\Ale\Desktop\sim_rochii\cmake-build-debug-coverage\CMakeFiles\sim_rochii.dir\main.cpp.gcno
        -:    0:Data:C:\Users\Ale\Desktop\sim_rochii\cmake-build-debug-coverage\CMakeFiles\sim_rochii.dir\main.cpp.gcda
        -:    0:Runs:1
        -:    1://
        -:    2:// Created by Ale on 05/21/2024.
        -:    3://
        -:    4:
        -:    5:#ifndef SIM_ROCHII_REPO_H
        -:    6:#define SIM_ROCHII_REPO_H
        -:    7:#include "Rochie.h"
        -:    8:#include <vector>
        -:    9:using std::vector;
        -:   10:
        -:   11:class Repo{
        -:   12:private:
        -:   13:    vector<Rochie> rochii;
        -:   14:    string file_name;
        -:   15:public:
function _ZN4RepoC1ERKNSt7__cxx1112basic_stringIcSt11char_traitsIcESaIcEEE called 2 returned 100% blocks executed 62%
        2:   16:    explicit Repo(const string& file_name) : file_name(file_name){
        2:   16-block  0
call    0 returned 2
call    1 returned 2
branch  2 taken 2 (fallthrough)
branch  3 taken 0 (throw)
        2:   17:        load_from_file();
        2:   17-block  0
call    0 returned 2
branch  1 taken 2 (fallthrough)
branch  2 taken 0 (throw)
        2:   18:    };
        2:   18-block  0
    $$$$$:   18-block  1
call    0 never executed
    $$$$$:   18-block  2
call    1 never executed
        -:   19:    /**
        -:   20:     * incarca din fis
        -:   21:     */
        -:   22:    void load_from_file();
        -:   23:
        -:   24:    /**
        -:   25:     * Get all
        -:   26:     * @return: all
        -:   27:     */
function _ZN4Repo7get_allEv called 3 returned 100% blocks executed 100%
        3:   28:    vector<Rochie>& get_all() {
        3:   29:        return rochii;
        3:   29-block  0
        -:   30:    }
        -:   31:
        -:   32:
        -:   33:};
        -:   34:#endif //SIM_ROCHII_REPO_H
