        -:    0:Source:C:/Users/Ale/Desktop/sim_rochii/Service.cpp
        -:    0:Graph:C:\Users\Ale\Desktop\sim_rochii\cmake-build-debug-coverage\CMakeFiles\sim_rochii.dir\Service.cpp.gcno
        -:    0:Data:C:\Users\Ale\Desktop\sim_rochii\cmake-build-debug-coverage\CMakeFiles\sim_rochii.dir\Service.cpp.gcda
        -:    0:Runs:1
        -:    1://
        -:    2:// Created by Ale on 05/21/2024.
        -:    3://
        -:    4:
        -:    5:#include <algorithm>
        -:    6:#include "Service.h"
        -:    7:#include "Rochie.h"
function _Z10cmp_marimeRK6RochieS1_ called 4 returned 100% blocks executed 73%
        4:    8:bool cmp_marime(const Rochie& r1, const Rochie& r2) {
        4:    9:    return r1.get_marime() < r2.get_marime();
        4:    9-block  0
call    0 returned 4
branch  1 taken 4 (fallthrough)
branch  2 taken 0 (throw)
        4:    9-block  1
call    3 returned 4
branch  4 taken 4 (fallthrough)
branch  5 taken 0 (throw)
        4:    9-block  2
call    6 returned 4
call    7 returned 4
call    8 returned 4
        4:    9-block  3
    $$$$$:    9-block  4
    $$$$$:    9-block  5
call    9 never executed
        -:   10:}
        -:   11:
function _Z8cmp_pretRK6RochieS1_ called 6 returned 100% blocks executed 100%
        6:   12:bool cmp_pret(const Rochie& r1, const Rochie& r2) {
        6:   13:    return r1.get_pret() < r2.get_pret();
        6:   13-block  0
call    0 returned 6
call    1 returned 6
        -:   14:}
        -:   15:
function _ZN7Service11sort_marimeERSt6vectorI6RochieSaIS1_EE called 1 returned 100% blocks executed 100%
        1:   16:void Service::sort_marime(vector<Rochie> &copy) {
        1:   17:    copy = rep.get_all();
        1:   17-block  0
call    0 returned 1
call    1 returned 1
        1:   18:    std::sort(copy.begin(), copy.end(), cmp_marime);
call    0 returned 1
call    1 returned 1
call    2 returned 1
        1:   19:}
        -:   20:
function _ZN7Service9sort_pretERSt6vectorI6RochieSaIS1_EE called 1 returned 100% blocks executed 100%
        1:   21:void Service::sort_pret(vector<Rochie> &copy) {
        1:   22:    copy = rep.get_all();
        1:   22-block  0
call    0 returned 1
call    1 returned 1
        1:   23:    std::sort(copy.begin(), copy.end(), cmp_pret);
call    0 returned 1
call    1 returned 1
call    2 returned 1
        1:   24:}
        -:   25:
