        -:    0:Source:C:/Users/Ale/Desktop/sim_componente/RepoPlaca.h
        -:    0:Graph:C:\Users\Ale\Desktop\sim_componente\cmake-build-debug-coverage\CMakeFiles\sim_componente.dir\main.cpp.gcno
        -:    0:Data:C:\Users\Ale\Desktop\sim_componente\cmake-build-debug-coverage\CMakeFiles\sim_componente.dir\main.cpp.gcda
        -:    0:Runs:1
        -:    1://
        -:    2:// Created by Ale on 05/20/2024.
        -:    3://
        -:    4:
        -:    5:#ifndef SIM_COMPONENTE_REPOPLACA_H
        -:    6:#define SIM_COMPONENTE_REPOPLACA_H
        -:    7:#include "Placa.h"
        -:    8:#include <vector>
        -:    9:using std::vector;
        -:   10:
        -:   11:class RepoPlaca{
        -:   12:private:
        -:   13:    string file_name;
        -:   14:    vector<Placa> placi;
        -:   15:public:
function _ZN9RepoPlacaC1ERKNSt7__cxx1112basic_stringIcSt11char_traitsIcESaIcEEE called 2 returned 100% blocks executed 62%
        2:   16:    RepoPlaca(const string& file_name) : file_name{file_name}{
        2:   16-block  0
call    0 returned 2
call    1 returned 2
        2:   17:        load_from_file();
call    0 returned 2
branch  1 taken 2 (fallthrough)
branch  2 taken 0 (throw)
        2:   18:    }
        2:   18-block  0
    $$$$$:   18-block  1
call    0 never executed
    $$$$$:   18-block  2
call    1 never executed
        -:   19:    /**\
        -:   20:     * load data from file
        -:   21:     */
        -:   22:    void load_from_file();
        -:   23:    /**
        -:   24:     * Get all
        -:   25:     * @return : all
        -:   26:     */
function _ZN9RepoPlaca7get_allEv called 3 returned 100% blocks executed 100%
        3:   27:    const vector<Placa>& get_all(){
        3:   28:        return placi;
        3:   28-block  0
        -:   29:    }
        -:   30:    /**
        -:   31:     * adauga o placa in lista de placi
        -:   32:     * @param p : placa de adaugat
        -:   33:     */
        -:   34:    void addPlaca(const Placa& p);
        -:   35:
        -:   36:    int sizePlaca(){
        -:   37:        return placi.size();
        -:   38:    }
        -:   39:};
        -:   40:#endif //SIM_COMPONENTE_REPOPLACA_H
