        -:    0:Source:C:/Users/Ale/Desktop/oop/lab2_4_dinamic/customSort.c
        -:    0:Graph:C:\Users\Ale\Desktop\oop\lab2_4_dinamic\cmake-build-debug-coverage\CMakeFiles\lab2_4_dinamic.dir\customSort.c.gcno
        -:    0:Data:C:\Users\Ale\Desktop\oop\lab2_4_dinamic\cmake-build-debug-coverage\CMakeFiles\lab2_4_dinamic.dir\customSort.c.gcda
        -:    0:Runs:1
        -:    1:#include "customSort.h"
        -:    2:
function sort called 2 returned 100% blocks executed 100%
        2:    3:void sort(List *l, CompareFct cmpF){
        -:    4:    int i, j;
        9:    5:    for (i = 0; i < size(l); i++) {
        2:    5-block  0
        7:    5-block  1
        9:    5-block  2
call    0 returned 9
branch  1 taken 7
branch  2 taken 2 (fallthrough)
       16:    6:        for (j = i + 1; j < size(l); j++) {
        7:    6-block  0
        9:    6-block  1
       16:    6-block  2
call    0 returned 16
branch  1 taken 9
branch  2 taken 7 (fallthrough)
        9:    7:            TElem el1 = get(l,i);
        9:    7-block  0
call    0 returned 9
        9:    8:            TElem el2 = get(l, j);
call    0 returned 9
        9:    9:            if(cmpF(&el1, &el2) > 0){
call    0 returned 9
branch  1 taken 6 (fallthrough)
branch  2 taken 3
        6:   10:                set(l,i,el2);
        6:   10-block  0
call    0 returned 6
        6:   11:                set(l,j,el1);
call    0 returned 6
        -:   12:            }
        -:   13:        }
        -:   14:    }
        2:   15:}
