        -:    0:Source:C:/Users/Ale/Desktop/sim_apartamente/Repo.h
        -:    0:Graph:C:\Users\Ale\Desktop\sim_apartamente\cmake-build-debug-coverage\CMakeFiles\sim_apartamente.dir\main.cpp.gcno
        -:    0:Data:C:\Users\Ale\Desktop\sim_apartamente\cmake-build-debug-coverage\CMakeFiles\sim_apartamente.dir\main.cpp.gcda
        -:    0:Runs:1
        -:    1://
        -:    2:// Created by Ale on 05/19/2024.
        -:    3://
        -:    4:
        -:    5:#ifndef SIM_APARTAMENTE_REPO_H
        -:    6:#define SIM_APARTAMENTE_REPO_H
        -:    7:#include "Apartament.h"
        -:    8:#include <vector>
        -:    9:using std::vector;
        -:   10:
        -:   11:class Repo {
        -:   12:private:
        -:   13:    vector<Apartamente> ap;
        -:   14:public:
        -:   15:    Repo(const Repo& ot) = delete;
function _ZN4RepoC2Ev called 1 returned 100% blocks executed 100%
        1:   16:    Repo() = default;
        1:   16-block  0
call    0 returned 1
        -:   17:
        -:   18:    /**
        -:   19:     * Adauga un ap in lista
        -:   20:     * @param a : apartamentul de adaugat
        -:   21:     */
        -:   22:    virtual void store(const Apartamente& a);
        -:   23:
        -:   24:    /**
        -:   25:     * Sterge un ap din lista
        -:   26:     * @param a : apartamentul de sters
        -:   27:     */
        -:   28:    virtual void remove(const Apartamente& a);
        -:   29:
        -:   30:    /**
        -:   31:     * Get all
        -:   32:     * @return: all ap
        -:   33:     */
function _ZN4Repo7get_allEv called 7 returned 100% blocks executed 100%
        7:   34:    vector<Apartamente>& get_all(){
        7:   35:        return ap;
        7:   35-block  0
        -:   36:    }
        -:   37:
        -:   38:};
        -:   39:
        -:   40:
        -:   41:class RepoInFile : public Repo {
        -:   42:private:
        -:   43:    string file_name;
        -:   44:    void read_from_file();
        -:   45:
        -:   46:public:
function _ZN10RepoInFileC1ENSt7__cxx1112basic_stringIcSt11char_traitsIcESaIcEEE called 1 returned 100% blocks executed 62%
        1:   47:    explicit RepoInFile(string file_name) : Repo(), file_name(file_name) {
        1:   47-block  0
call    0 returned 1
call    1 returned 1
branch  2 taken 1 (fallthrough)
branch  3 taken 0 (throw)
        1:   48:        read_from_file();
        1:   48-block  0
call    0 returned 1
branch  1 taken 1 (fallthrough)
branch  2 taken 0 (throw)
        1:   49:    }
        1:   49-block  0
    $$$$$:   49-block  1
call    0 never executed
    $$$$$:   49-block  2
call    1 never executed
        -:   50:
function _ZN10RepoInFile5storeERK11Apartamente called 0 returned 0% blocks executed 0%
    #####:   51:    void store(const Apartamente& a) override {
    #####:   52:        Repo::store(a);
    %%%%%:   52-block  0
call    0 never executed
    #####:   53:    }
        -:   54:
function _ZN10RepoInFile6removeERK11Apartamente called 0 returned 0% blocks executed 0%
    #####:   55:    void remove(const Apartamente& a) override {
    #####:   56:        Repo::remove(a);
    %%%%%:   56-block  0
call    0 never executed
    #####:   57:    }
        -:   58:};
        -:   59:
        -:   60:
        -:   61:#endif //SIM_APARTAMENTE_REPO_H
