        -:    0:Source:C:/Users/Ale/Desktop/sim_apartamente/Service.cpp
        -:    0:Graph:C:\Users\Ale\Desktop\sim_apartamente\cmake-build-debug-coverage\CMakeFiles\sim_apartamente.dir\Service.cpp.gcno
        -:    0:Data:C:\Users\Ale\Desktop\sim_apartamente\cmake-build-debug-coverage\CMakeFiles\sim_apartamente.dir\Service.cpp.gcda
        -:    0:Runs:1
        -:    1://
        -:    2:// Created by Ale on 05/19/2024.
        -:    3://
        -:    4:
        -:    5:#include <algorithm>
        -:    6:#include "Service.h"
        -:    7:
function _ZN7Service3addENSt7__cxx1112basic_stringIcSt11char_traitsIcESaIcEEEii called 4 returned 100% blocks executed 58%
        4:    8:void Service::add(string str, int sup, int pret) {
        4:    9:    const Apartamente& a{str, sup, pret};
        4:    9-block  0
call    0 returned 4
branch  1 taken 4 (fallthrough)
branch  2 taken 0 (throw)
        4:    9-block  1
call    3 returned 4
branch  4 taken 4 (fallthrough)
branch  5 taken 0 (throw)
        4:    9-block  2
call    6 returned 4
    $$$$$:    9-block  3
call    7 never executed
    $$$$$:    9-block  4
        4:   10:    rep.store(a);
call    0 returned 4
branch  1 taken 4 (fallthrough)
branch  2 taken 0 (throw)
        -:   11:
        4:   12:}
        4:   12-block  0
call    0 returned 4
    $$$$$:   12-block  1
call    1 never executed
        -:   13:
function _ZN7Service3delERK11Apartamente called 1 returned 100% blocks executed 100%
        1:   14:void Service::del(const Apartamente &a) {
        1:   15:    rep.remove(a);
        1:   15-block  0
call    0 returned 1
        1:   16:}
        -:   17:
function _ZN7Service10filter_supEiiRSt6vectorI11ApartamenteSaIS1_EE called 1 returned 100% blocks executed 100%
        1:   18:void Service::filter_sup(int sup1, int sup2, vector<Apartamente> &fil) {
        1:   19:    const vector<Apartamente>& all = rep.get_all();
        1:   19-block  0
call    0 returned 1
function _ZZN7Service10filter_supEiiRSt6vectorI11ApartamenteSaIS1_EEENKUlRKS1_E_clES6_ called 3 returned 100% blocks executed 100%
        1:   20:    std::copy_if(all.begin(), all.end(), back_inserter(fil), [sup1,sup2](const Apartamente& a){
call    0 returned 1
call    1 returned 1
call    2 returned 1
call    3 returned 1
        3:   21:        return a.get_sup() >= sup1 and a.get_sup() <= sup2;
        3:   21-block  0
call    0 returned 3
branch  1 taken 2 (fallthrough)
branch  2 taken 1
        2:   21-block  1
call    3 returned 2
branch  4 taken 2 (fallthrough)
branch  5 taken 0
        2:   21-block  2
        1:   21-block  3
        3:   21-block  4
        -:   22:    });
        1:   23:}
        -:   24:
function _ZN7Service11filter_pretEiiRSt6vectorI11ApartamenteSaIS1_EE called 1 returned 100% blocks executed 100%
        1:   25:void Service::filter_pret(int pret1, int pret2, vector<Apartamente> &fil) {
        1:   26:    const vector<Apartamente>& all = rep.get_all();
        1:   26-block  0
call    0 returned 1
function _ZZN7Service11filter_pretEiiRSt6vectorI11ApartamenteSaIS1_EEENKUlRKS1_E_clES6_ called 3 returned 100% blocks executed 100%
        1:   27:    std::copy_if(all.begin(), all.end(), back_inserter(fil), [pret1,pret2](const Apartamente& a){
call    0 returned 1
call    1 returned 1
call    2 returned 1
call    3 returned 1
        3:   28:        return a.get_pret() >= pret1 and a.get_pret() <= pret2;
        3:   28-block  0
call    0 returned 3
branch  1 taken 3 (fallthrough)
branch  2 taken 0
        3:   28-block  1
call    3 returned 3
branch  4 taken 2 (fallthrough)
branch  5 taken 1
        2:   28-block  2
        1:   28-block  3
        3:   28-block  4
        -:   29:    });
        1:   30:}
