        -:    0:Source:C:/Users/Ale/Desktop/sim_apartamente/tests.cpp
        -:    0:Graph:C:\Users\Ale\Desktop\sim_apartamente\cmake-build-debug-coverage\CMakeFiles\sim_apartamente.dir\tests.cpp.gcno
        -:    0:Data:C:\Users\Ale\Desktop\sim_apartamente\cmake-build-debug-coverage\CMakeFiles\sim_apartamente.dir\tests.cpp.gcda
        -:    0:Runs:1
        -:    1://
        -:    2:// Created by Ale on 05/19/2024.
        -:    3://
        -:    4:#include <iostream>
        -:    5:#include "tests.h"
        -:    6:#include <assert.h>
function _Z11test_getterv called 1 returned 100% blocks executed 58%
        1:    7:void test_getter() {
        1:    7-block  0
        1:    8:    const Apartamente a("a",2,3);
        1:    8-block  0
call    0 returned 1
branch  1 taken 1 (fallthrough)
branch  2 taken 0 (throw)
        1:    8-block  1
call    3 returned 1
branch  4 taken 1 (fallthrough)
branch  5 taken 0 (throw)
        1:    8-block  2
call    6 returned 1
    $$$$$:    8-block  3
call    7 never executed
    $$$$$:    8-block  4
    $$$$$:    8-block  5
       1*:    9:    assert(a.get_pret() == 3);
call    0 returned 1
branch  1 taken 1 (fallthrough)
branch  2 taken 0 (throw)
        1:    9-block  0
branch  3 taken 0 (fallthrough)
branch  4 taken 1
    %%%%%:    9-block  1
call    5 never executed
        1:    9-block  2
       1*:   10:    assert(a.get_sup() ==2);
        1:   10-block  0
call    0 returned 1
branch  1 taken 1 (fallthrough)
branch  2 taken 0 (throw)
        1:   10-block  1
branch  3 taken 0 (fallthrough)
branch  4 taken 1
    %%%%%:   10-block  2
call    5 never executed
        1:   10-block  3
       1*:   11:    assert(a.get_str() == "a");
        1:   11-block  0
call    0 returned 1
branch  1 taken 1 (fallthrough)
branch  2 taken 0 (throw)
        1:   11-block  1
call    3 returned 1
branch  4 taken 1 (fallthrough)
branch  5 taken 0 (throw)
        1:   11-block  2
branch  6 taken 0 (fallthrough)
branch  7 taken 1
    %%%%%:   11-block  3
call    8 never executed
        1:   11-block  4
        1:   11-block  5
branch  9 taken 1 (fallthrough)
branch 10 taken 0
        1:   11-block  6
call   11 returned 1
    $$$$$:   11-block  7
branch 12 never executed (fallthrough)
branch 13 never executed
    $$$$$:   11-block  8
call   14 never executed
    $$$$$:   11-block  9
        1:   12:}
        1:   12-block  0
call    0 returned 1
    $$$$$:   12-block  1
call    1 never executed
        -:   13:
function _Z14test_store_delv called 1 returned 100% blocks executed 64%
        1:   14:void test_store_del() {
        1:   15:    Repo rep;
        1:   15-block  0
call    0 returned 1
        1:   16:    const Apartamente a("a",2,3);
        1:   16-block  0
call    0 returned 1
branch  1 taken 1 (fallthrough)
branch  2 taken 0 (throw)
        1:   16-block  1
call    3 returned 1
branch  4 taken 1 (fallthrough)
branch  5 taken 0 (throw)
        1:   16-block  2
call    6 returned 1
    $$$$$:   16-block  3
call    7 never executed
    $$$$$:   16-block  4
    $$$$$:   16-block  5
        1:   17:    rep.store(a);
call    0 returned 1
branch  1 taken 1 (fallthrough)
branch  2 taken 0 (throw)
       1*:   18:    assert(rep.get_all().size() == 1);
        1:   18-block  0
call    0 returned 1
call    1 returned 1
branch  2 taken 0 (fallthrough)
branch  3 taken 1
    %%%%%:   18-block  1
call    4 never executed
        1:   18-block  2
        1:   19:    rep.remove(a);
        1:   19-block  0
call    0 returned 1
branch  1 taken 1 (fallthrough)
branch  2 taken 0 (throw)
       1*:   20:    assert(rep.get_all().empty());
        1:   20-block  0
call    0 returned 1
call    1 returned 1
branch  2 taken 0 (fallthrough)
branch  3 taken 1
    %%%%%:   20-block  1
call    4 never executed
        1:   20-block  2
        1:   21:}
        1:   21-block  0
call    0 returned 1
call    1 returned 1
    $$$$$:   21-block  1
call    2 never executed
    $$$$$:   21-block  2
call    3 never executed
        -:   22:
function _Z12test_add_delv called 1 returned 100% blocks executed 59%
        1:   23:void test_add_del() {
        1:   24:    Repo rep;
        1:   24-block  0
call    0 returned 1
        1:   25:    Service srv{rep};
call    0 returned 1
        1:   26:    srv.add("a",2,3);
        1:   26-block  0
call    0 returned 1
branch  1 taken 1 (fallthrough)
branch  2 taken 0 (throw)
        1:   26-block  1
call    3 returned 1
branch  4 taken 1 (fallthrough)
branch  5 taken 0 (throw)
        1:   26-block  2
call    6 returned 1
    $$$$$:   26-block  3
call    7 never executed
    $$$$$:   26-block  4
    $$$$$:   26-block  5
       1*:   27:    assert(srv.get_all().size() == 1);
call    0 returned 1
call    1 returned 1
branch  2 taken 0 (fallthrough)
branch  3 taken 1
    %%%%%:   27-block  0
call    4 never executed
        1:   27-block  1
        1:   28:    srv.del(Apartamente("a",2,3));
        1:   28-block  0
call    0 returned 1
branch  1 taken 1 (fallthrough)
branch  2 taken 0 (throw)
        1:   28-block  1
call    3 returned 1
branch  4 taken 1 (fallthrough)
branch  5 taken 0 (throw)
        1:   28-block  2
call    6 returned 1
branch  7 taken 1 (fallthrough)
branch  8 taken 0 (throw)
        1:   28-block  3
call    9 returned 1
call   10 returned 1
    $$$$$:   28-block  4
call   11 never executed
    $$$$$:   28-block  5
call   12 never executed
    $$$$$:   28-block  6
    $$$$$:   28-block  7
    $$$$$:   28-block  8
       1*:   29:    assert(srv.get_all().empty());
call    0 returned 1
call    1 returned 1
branch  2 taken 0 (fallthrough)
branch  3 taken 1
    %%%%%:   29-block  0
call    4 never executed
        1:   29-block  1
        1:   30:}
        1:   30-block  0
call    0 returned 1
    $$$$$:   30-block  1
call    1 never executed
        -:   31:
function _Z11test_filterv called 1 returned 100% blocks executed 57%
        1:   32:void test_filter() {
        1:   33:    Repo rep;
        1:   33-block  0
call    0 returned 1
        1:   34:    Service srv{rep};
call    0 returned 1
        2:   35:    srv.add("a",2,3);
        1:   35-block  0
call    0 returned 1
branch  1 taken 1 (fallthrough)
branch  2 taken 0 (throw)
        1:   35-block  1
call    3 returned 1
branch  4 taken 1 (fallthrough)
branch  5 taken 0 (throw)
        1:   35-block  2
call    6 returned 1
    $$$$$:   35-block  3
call    7 never executed
    $$$$$:   35-block  4
    $$$$$:   35-block  5
        2:   36:    srv.add("a",4,5);
        1:   36-block  0
call    0 returned 1
branch  1 taken 1 (fallthrough)
branch  2 taken 0 (throw)
        1:   36-block  1
call    3 returned 1
branch  4 taken 1 (fallthrough)
branch  5 taken 0 (throw)
        1:   36-block  2
call    6 returned 1
    $$$$$:   36-block  3
call    7 never executed
    $$$$$:   36-block  4
    $$$$$:   36-block  5
        1:   37:    srv.add("w",6,8);
        1:   37-block  0
call    0 returned 1
branch  1 taken 1 (fallthrough)
branch  2 taken 0 (throw)
        1:   37-block  1
call    3 returned 1
branch  4 taken 1 (fallthrough)
branch  5 taken 0 (throw)
        1:   37-block  2
call    6 returned 1
    $$$$$:   37-block  3
call    7 never executed
    $$$$$:   37-block  4
    $$$$$:   37-block  5
        1:   38:    vector<Apartamente> fil;
call    0 returned 1
        1:   39:    srv.filter_pret(2,6,fil);
call    0 returned 1
branch  1 taken 1 (fallthrough)
branch  2 taken 0 (throw)
       1*:   40:    assert(fil.size() ==2);
        1:   40-block  0
call    0 returned 1
branch  1 taken 0 (fallthrough)
branch  2 taken 1
    %%%%%:   40-block  1
call    3 never executed
        1:   40-block  2
        1:   41:    vector<Apartamente> fil2;
        1:   41-block  0
call    0 returned 1
        1:   42:    srv.filter_sup(3,9,fil2);
call    0 returned 1
branch  1 taken 1 (fallthrough)
branch  2 taken 0 (throw)
       1*:   43:    assert(fil.size() == 2);
        1:   43-block  0
call    0 returned 1
branch  1 taken 0 (fallthrough)
branch  2 taken 1
    %%%%%:   43-block  1
call    3 never executed
        1:   43-block  2
        1:   44:}
        1:   44-block  0
call    0 returned 1
call    1 returned 1
call    2 returned 1
    $$$$$:   44-block  1
call    3 never executed
    $$$$$:   44-block  2
call    4 never executed
    $$$$$:   44-block  3
call    5 never executed
        -:   45:
function _Z8test_allv called 1 returned 100% blocks executed 100%
        1:   46:void test_all() {
        1:   47:    test_add_del();
        1:   47-block  0
call    0 returned 1
        1:   48:    test_filter();
call    0 returned 1
        1:   49:    test_getter();
call    0 returned 1
        1:   50:    test_store_del();
call    0 returned 1
        1:   51:}
