        -:    0:Source:C:/Users/Ale/Desktop/oop/lab6_7/Undo.h
        -:    0:Graph:C:\Users\Ale\Desktop\oop\lab6_7\cmake-build-debug-coverage\CMakeFiles\lab6_7.dir\Service.cpp.gcno
        -:    0:Data:C:\Users\Ale\Desktop\oop\lab6_7\cmake-build-debug-coverage\CMakeFiles\lab6_7.dir\Service.cpp.gcda
        -:    0:Runs:1
        -:    1:#ifndef LAB6_7_UNDO_H
        -:    2:#define LAB6_7_UNDO_H
        -:    3:#include "Activity.h"
        -:    4:#include "Repo.h"
        -:    5:#include <vector>
        -:    6:#include <algorithm>
        -:    7:
        -:    8:class Undo{
        -:    9:public:
        -:   10:    virtual void undo() = 0;
function _ZN4UndoD2Ev called 25 returned 100% blocks executed 100%
       25:   11:    virtual ~Undo() =default;
        -:   12:};
        -:   13:
        -:   14:class AddUndo : public Undo {
        -:   15:private:
        -:   16:    RepoAbs& repo;
        -:   17:public:
function _ZN7AddUndoC1ER7RepoAbs called 21 returned 100% blocks executed 100%
       21:   18:    AddUndo(RepoAbs& Rep) : repo(Rep) {}
       21:   18-block  0
call    0 returned 21
function _ZN7AddUndo4undoEv called 3 returned 100% blocks executed 100%
        3:   19:    void undo() override{
        3:   20:        repo.remove_last();
        3:   20-block  0
call    0 returned 3
        3:   21:    }
        -:   22:};
        -:   23:
        -:   24:class DeleteUndo : public Undo {
        -:   25:private:
        -:   26:    RepoAbs& repo;
        -:   27:    Activity a;
        -:   28:    int index;
        -:   29:public:
function _ZN10DeleteUndoC1ER7RepoAbs8Activityi called 2 returned 100% blocks executed 80%
        2:   30:    DeleteUndo(RepoAbs& Rep, const Activity a,const  int index) : repo(Rep), a(a), index(index) {}
        2:   30-block  0
call    0 returned 2
call    1 returned 2
branch  2 taken 2 (fallthrough)
branch  3 taken 0 (throw)
        2:   30-block  1
    $$$$$:   30-block  2
call    4 never executed
function _ZN10DeleteUndo4undoEv called 1 returned 100% blocks executed 89%
        1:   31:    void undo() override {
        1:   32:        auto it = repo.get_all().begin();
        1:   32-block  0
call    0 returned 1
branch  1 taken 1 (fallthrough)
branch  2 taken 0 (throw)
        1:   32-block  1
call    3 returned 1
        1:   33:        it += index;
call    0 returned 1
        1:   34:        repo.get_all().insert(it, a);
call    0 returned 1
branch  1 taken 1 (fallthrough)
branch  2 taken 0 (throw)
        1:   34-block  0
call    3 returned 1
call    4 returned 1
branch  5 taken 1 (fallthrough)
branch  6 taken 0 (throw)
    $$$$$:   34-block  1
        1:   35:    }
        1:   35-block  0
        -:   36:};
        -:   37:
        -:   38:class ModifyUndo : public Undo {
        -:   39:private:
        -:   40:    RepoAbs& repo;
        -:   41:    Activity a;
        -:   42:    int index;
        -:   43:public:
function _ZN10ModifyUndoC1ER7RepoAbs8Activityi called 2 returned 100% blocks executed 80%
        2:   44:    ModifyUndo(RepoAbs& Rep, Activity a, int index) : repo(Rep), a(a), index(index) {}
        2:   44-block  0
call    0 returned 2
call    1 returned 2
branch  2 taken 2 (fallthrough)
branch  3 taken 0 (throw)
        2:   44-block  1
    $$$$$:   44-block  2
call    4 never executed
function _ZN10ModifyUndo4undoEv called 1 returned 100% blocks executed 100%
        1:   45:    void undo() override {
        1:   46:        repo.modify(index,a);
        1:   46-block  0
call    0 returned 1
        1:   47:    }
        -:   48:};
        -:   49:#endif //LAB6_7_UNDO_H
