        -:    0:Source:C:/Users/Ale/Desktop/oop/lab6_7/Validator.h
        -:    0:Graph:C:\Users\Ale\Desktop\oop\lab6_7\cmake-build-debug-coverage\CMakeFiles\lab6_7.dir\ui.cpp.gcno
        -:    0:Data:C:\Users\Ale\Desktop\oop\lab6_7\cmake-build-debug-coverage\CMakeFiles\lab6_7.dir\ui.cpp.gcda
        -:    0:Runs:1
        -:    1:#ifndef LAB6_7_VALIDATOR_H
        -:    2:#define LAB6_7_VALIDATOR_H
        -:    3:#include <string>
        -:    4:using namespace std;
        -:    5:
        -:    6:class Exception{
        -:    7:private:
        -:    8:    string msg;
        -:    9:public:
        -:   10:    Exception(string m) : msg{m} {};
function _ZN9Exception10getMessageB5cxx11Ev called 1 returned 100% blocks executed 100%
        1:   11:    string getMessage() {
        1:   12:        return this->msg;
        1:   12-block  0
call    0 returned 1
        -:   13:    }
        -:   14:};
        -:   15:
        -:   16:class Validator{
        -:   17:public:
        -:   18:    Validator(const Validator&o) = delete;
        -:   19:    Validator() =default;
        -:   20:    bool valid_string(string& str) {
        -:   21:        if(str.size() == 0) return false;
        -:   22:        for( int i = 0; i <str.size(); i++) {
        -:   23:            if(!(str.at(i) >= 'a' && str.at(i) <= 'z') || (str.at(i) >= 'A' && str.at(i) <= 'Z') || str.at(i) == ' ') return false;
        -:   24:        }
        -:   25:        return true;
        -:   26:    }
        -:   27:
        -:   28:    void validateActivity(std::string name, std::string description, std::string type, int time) {
        -:   29:        string err;
        -:   30:
        -:   31:        if(!valid_string(name)) err.append("Invalid name\n");
        -:   32:        if(!valid_string(description)) err.append("Invalid description\n");
        -:   33:        if(!valid_string(type)) err.append("Invalid type\n");
        -:   34:        if(time <= 0) err.append("Invalid time\n");
        -:   35:        if( err.size() != 0) throw Exception(err);
        -:   36:    }
        -:   37:
        -:   38:};
        -:   39:
        -:   40:
        -:   41:#endif //LAB6_7_VALIDATOR_H
