        -:    0:Source:C:/Qt/6.8.0/mingw_64/include/QtCore/qarraydata.h
        -:    0:Graph:C:\Users\Ale\Desktop\QT\cmake-build-debug-coverage\CMakeFiles\QT.dir\main.cpp.gcno
        -:    0:Data:C:\Users\Ale\Desktop\QT\cmake-build-debug-coverage\CMakeFiles\QT.dir\main.cpp.gcda
        -:    0:Runs:1
        -:    1:// Copyright (C) 2020 The Qt Company Ltd.
        -:    2:// Copyright (C) 2019 Intel Corporation.
        -:    3:// SPDX-License-Identifier: LicenseRef-Qt-Commercial OR LGPL-3.0-only OR GPL-2.0-only OR GPL-3.0-only
        -:    4:
        -:    5:#ifndef QARRAYDATA_H
        -:    6:#define QARRAYDATA_H
        -:    7:
        -:    8:#include <QtCore/qpair.h>
        -:    9:#include <QtCore/qatomic.h>
        -:   10:#include <QtCore/qflags.h>
        -:   11:#include <QtCore/qcontainerfwd.h>
        -:   12:#include <string.h>
        -:   13:
        -:   14:QT_BEGIN_NAMESPACE
        -:   15:
        -:   16:#if __has_cpp_attribute(gnu::malloc)
        -:   17:#  define Q_DECL_MALLOCLIKE [[nodiscard, gnu::malloc]]
        -:   18:#else
        -:   19:#  define Q_DECL_MALLOCLIKE [[nodiscard]]
        -:   20:#endif
        -:   21:
        -:   22:template <class T> struct QTypedArrayData;
        -:   23:
        -:   24:struct QArrayData
        -:   25:{
        -:   26:    enum AllocationOption {
        -:   27:        Grow,
        -:   28:        KeepSize
        -:   29:    };
        -:   30:
        -:   31:    enum GrowthPosition {
        -:   32:        GrowsAtEnd,
        -:   33:        GrowsAtBeginning
        -:   34:    };
        -:   35:
        -:   36:   enum ArrayOption {
        -:   37:        ArrayOptionDefault = 0,
        -:   38:        CapacityReserved     = 0x1  //!< the capacity was reserved by the user, try to keep it
        -:   39:    };
        -:   40:    Q_DECLARE_FLAGS(ArrayOptions, ArrayOption)
        -:   41:
        -:   42:    QBasicAtomicInt ref_;
        -:   43:    ArrayOptions flags;
        -:   44:    qsizetype alloc;
        -:   45:
        -:   46:    qsizetype allocatedCapacity() noexcept
        -:   47:    {
        -:   48:        return alloc;
        -:   49:    }
        -:   50:
function _ZNK10QArrayData22constAllocatedCapacityEv called 10 returned 100% blocks executed 100%
       10:   51:    qsizetype constAllocatedCapacity() const noexcept
        -:   52:    {
       10:   53:        return alloc;
       10:   53-block  0
        -:   54:    }
        -:   55:
        -:   56:    /// Returns true if sharing took place
function _ZN10QArrayData3refEv called 10 returned 100% blocks executed 100%
       10:   57:    bool ref() noexcept
        -:   58:    {
       10:   59:        ref_.ref();
       10:   59-block  0
call    0 returned 10
       10:   60:        return true;
        -:   61:    }
        -:   62:
        -:   63:    /// Returns false if deallocation is necessary
function _ZN10QArrayData5derefEv called 106 returned 100% blocks executed 100%
      106:   64:    bool deref() noexcept
        -:   65:    {
      106:   66:        return ref_.deref();
      106:   66-block  0
call    0 returned 106
        -:   67:    }
        -:   68:
function _ZNK10QArrayData8isSharedEv called 0 returned 0% blocks executed 0%
    #####:   69:    bool isShared() const noexcept
        -:   70:    {
    #####:   71:        return ref_.loadRelaxed() != 1;
    %%%%%:   71-block  0
call    0 never executed
        -:   72:    }
        -:   73:
        -:   74:    // Returns true if a detach is necessary before modifying the data
        -:   75:    // This method is intentionally not const: if you want to know whether
        -:   76:    // detaching is necessary, you should be in a non-const function already
function _ZN10QArrayData11needsDetachEv called 10 returned 100% blocks executed 100%
       10:   77:    bool needsDetach() noexcept
        -:   78:    {
       10:   79:        return ref_.loadRelaxed() > 1;
       10:   79-block  0
call    0 returned 10
        -:   80:    }
        -:   81:
function _ZNK10QArrayData14detachCapacityEx called 0 returned 0% blocks executed 0%
    #####:   82:    qsizetype detachCapacity(qsizetype newSize) const noexcept
        -:   83:    {
    #####:   84:        if (flags & CapacityReserved && newSize < constAllocatedCapacity())
    %%%%%:   84-block  0
call    0 never executed
call    1 never executed
branch  2 never executed (fallthrough)
branch  3 never executed
    %%%%%:   84-block  1
call    4 never executed
branch  5 never executed (fallthrough)
branch  6 never executed
    %%%%%:   84-block  2
    %%%%%:   84-block  3
    %%%%%:   84-block  4
branch  7 never executed (fallthrough)
branch  8 never executed
    #####:   85:            return constAllocatedCapacity();
    %%%%%:   85-block  0
call    0 never executed
    #####:   86:        return newSize;
    %%%%%:   86-block  0
        -:   87:    }
        -:   88:
        -:   89:    Q_DECL_MALLOCLIKE
        -:   90:    static Q_CORE_EXPORT void *allocate(QArrayData **pdata, qsizetype objectSize, qsizetype alignment,
        -:   91:            qsizetype capacity, AllocationOption option = QArrayData::KeepSize) noexcept;
        -:   92:    Q_DECL_MALLOCLIKE
        -:   93:    static Q_CORE_EXPORT void *allocate1(QArrayData **pdata, qsizetype capacity,
        -:   94:                                         AllocationOption option = QArrayData::KeepSize) noexcept;
        -:   95:    Q_DECL_MALLOCLIKE
        -:   96:    static Q_CORE_EXPORT void *allocate2(QArrayData **pdata, qsizetype capacity,
        -:   97:                                         AllocationOption option = QArrayData::KeepSize) noexcept;
        -:   98:
        -:   99:    [[nodiscard]] static Q_CORE_EXPORT std::pair<QArrayData *, void *> reallocateUnaligned(QArrayData *data, void *dataPointer,
        -:  100:            qsizetype objectSize, qsizetype newCapacity, AllocationOption option) noexcept;
        -:  101:    static Q_CORE_EXPORT void deallocate(QArrayData *data, qsizetype objectSize,
        -:  102:            qsizetype alignment) noexcept;
        -:  103:};
        -:  104:
        -:  105:Q_DECLARE_OPERATORS_FOR_FLAGS(QArrayData::ArrayOptions)
        -:  106:
        -:  107:namespace QtPrivate {
        -:  108:// QArrayData with strictest alignment requirements supported by malloc()
        -:  109:#if defined(Q_PROCESSOR_X86_32) && defined(Q_CC_GNU)
        -:  110:// GCC's definition is incorrect since GCC 8 (commit r240248 in SVN; commit
        -:  111:// 63012d9a57edc950c5f30242d1e19318b5708060 in Git). This is applied to all
        -:  112:// GCC-like compilers in case they decide to follow GCC's lead in being wrong.
        -:  113:constexpr size_t MaxPrimitiveAlignment = 2 * sizeof(void *);
        -:  114:#else
        -:  115:constexpr size_t MaxPrimitiveAlignment = alignof(std::max_align_t);
        -:  116:#endif
        -:  117:
        -:  118:struct alignas(MaxPrimitiveAlignment) AlignedQArrayData : QArrayData
        -:  119:{
        -:  120:};
        -:  121:}
        -:  122:
        -:  123:template <class T>
        -:  124:struct QTypedArrayData
        -:  125:    : QArrayData
        -:  126:{
        -:  127:    struct AlignmentDummy { QtPrivate::AlignedQArrayData header; T data; };
        -:  128:
function _ZN15QTypedArrayDataI7QStringE8allocateExN10QArrayData16AllocationOptionE called 1 returned 100% blocks executed 100%
        1:  129:    [[nodiscard]] static std::pair<QTypedArrayData *, T *> allocate(qsizetype capacity, AllocationOption option = QArrayData::KeepSize)
        -:  130:    {
        -:  131:        static_assert(sizeof(QTypedArrayData) == sizeof(QArrayData));
        -:  132:        QArrayData *d;
        -:  133:        void *result;
        -:  134:        if constexpr (sizeof(T) == 1) {
        -:  135:            // necessarily, alignof(T) == 1
        -:  136:            result = allocate1(&d, capacity, option);
        -:  137:        } else if constexpr (sizeof(T) == 2) {
        -:  138:            // alignof(T) may be 1, but that makes no difference
        -:  139:            result = allocate2(&d, capacity, option);
        -:  140:        } else {
        1:  141:            result = QArrayData::allocate(&d, sizeof(T), alignof(AlignmentDummy), capacity, option);
        1:  141-block  0
call    0 returned 1
        -:  142:        }
        -:  143:#if __has_builtin(__builtin_assume_aligned)
        -:  144:        // and yet we do offer results that have stricter alignment
        1:  145:        result = __builtin_assume_aligned(result, Q_ALIGNOF(AlignmentDummy));
        -:  146:#endif
        1:  147:        return {static_cast<QTypedArrayData *>(d), static_cast<T *>(result)};
call    0 returned 1
        -:  148:    }
        -:  149:
        -:  150:    static std::pair<QTypedArrayData *, T *>
function _ZN15QTypedArrayDataI7QStringE19reallocateUnalignedEPS1_PS0_xN10QArrayData16AllocationOptionE called 1 returned 100% blocks executed 100%
        1:  151:    reallocateUnaligned(QTypedArrayData *data, T *dataPointer, qsizetype capacity, AllocationOption option)
        -:  152:    {
        -:  153:        static_assert(sizeof(QTypedArrayData) == sizeof(QArrayData));
        -:  154:        std::pair<QArrayData *, void *> pair =
        1:  155:                QArrayData::reallocateUnaligned(data, dataPointer, sizeof(T), capacity, option);
        1:  155-block  0
call    0 returned 1
        1:  156:        return {static_cast<QTypedArrayData *>(pair.first), static_cast<T *>(pair.second)};
call    0 returned 1
        -:  157:    }
        -:  158:
        -:  159:    static void deallocate(QArrayData *data) noexcept
        -:  160:    {
        -:  161:        static_assert(sizeof(QTypedArrayData) == sizeof(QArrayData));
        -:  162:        QArrayData::deallocate(data, sizeof(T), alignof(AlignmentDummy));
        -:  163:    }
        -:  164:
function _ZN15QTypedArrayDataI7QStringE9dataStartEP10QArrayDatax called 9 returned 100% blocks executed 83%
        9:  165:    static T *dataStart(QArrayData *data, qsizetype alignment) noexcept
        -:  166:    {
        -:  167:        // Alignment is a power of two
       9*:  168:        Q_ASSERT(alignment >= qsizetype(alignof(QArrayData)) && !(alignment & (alignment - 1)));
        9:  168-block  0
branch  0 taken 9 (fallthrough)
branch  1 taken 0
        9:  168-block  1
branch  2 taken 9 (fallthrough)
branch  3 taken 0
        9:  168-block  2
    %%%%%:  168-block  3
call    4 never executed
        9:  169:        void *start =  reinterpret_cast<void *>(
        9:  170:            (quintptr(data) + sizeof(QArrayData) + alignment - 1) & ~(alignment - 1));
        9:  171:        return static_cast<T *>(start);
        9:  171-block  0
        -:  172:    }
        -:  173:
        -:  174:    constexpr static qsizetype max_size() noexcept
        -:  175:    {
        -:  176:        // -1 to deal with the pointer one-past-the-end
        -:  177:        return (QtPrivate::MaxAllocSize - sizeof(QtPrivate::AlignedQArrayData) - 1) / sizeof(T);
        -:  178:    }
        -:  179:};
        -:  180:
        -:  181:namespace QtPrivate {
        -:  182:struct Q_CORE_EXPORT QContainerImplHelper
        -:  183:{
        -:  184:    enum CutResult { Null, Empty, Full, Subset };
        -:  185:    static constexpr CutResult mid(qsizetype originalLength, qsizetype *_position, qsizetype *_length)
        -:  186:    {
        -:  187:        qsizetype &position = *_position;
        -:  188:        qsizetype &length = *_length;
        -:  189:        if (position > originalLength) {
        -:  190:            position = 0;
        -:  191:            length = 0;
        -:  192:            return Null;
        -:  193:        }
        -:  194:
        -:  195:        if (position < 0) {
        -:  196:            if (length < 0 || length + position >= originalLength) {
        -:  197:                position = 0;
        -:  198:                length = originalLength;
        -:  199:                return Full;
        -:  200:            }
        -:  201:            if (length + position <= 0) {
        -:  202:                position = length = 0;
        -:  203:                return Null;
        -:  204:            }
        -:  205:            length += position;
        -:  206:            position = 0;
        -:  207:        } else if (size_t(length) > size_t(originalLength - position)) {
        -:  208:            length = originalLength - position;
        -:  209:        }
        -:  210:
        -:  211:        if (position == 0 && length == originalLength)
        -:  212:            return Full;
        -:  213:
        -:  214:        return length > 0 ? Subset : Empty;
        -:  215:    }
        -:  216:};
        -:  217:}
        -:  218:
        -:  219:#undef Q_DECL_MALLOCLIKE
        -:  220:
        -:  221:QT_END_NAMESPACE
        -:  222:
        -:  223:#endif // include guard
