        -:    0:Source:C:/Qt/6.8.0/mingw_64/include/QtCore/qbytearray.h
        -:    0:Graph:C:\Users\Ale\Desktop\QT\cmake-build-debug-coverage\CMakeFiles\QT.dir\main.cpp.gcno
        -:    0:Data:C:\Users\Ale\Desktop\QT\cmake-build-debug-coverage\CMakeFiles\QT.dir\main.cpp.gcda
        -:    0:Runs:1
        -:    1:// Copyright (C) 2022 The Qt Company Ltd.
        -:    2:// Copyright (C) 2016 Intel Corporation.
        -:    3:// SPDX-License-Identifier: LicenseRef-Qt-Commercial OR LGPL-3.0-only OR GPL-2.0-only OR GPL-3.0-only
        -:    4:
        -:    5:#ifndef QBYTEARRAY_H
        -:    6:#define QBYTEARRAY_H
        -:    7:
        -:    8:#include <QtCore/qrefcount.h>
        -:    9:#include <QtCore/qnamespace.h>
        -:   10:#include <QtCore/qarraydata.h>
        -:   11:#include <QtCore/qarraydatapointer.h>
        -:   12:#include <QtCore/qcompare.h>
        -:   13:#include <QtCore/qcontainerfwd.h>
        -:   14:#include <QtCore/qbytearrayalgorithms.h>
        -:   15:#include <QtCore/qbytearrayview.h>
        -:   16:
        -:   17:#include <stdlib.h>
        -:   18:#include <string.h>
        -:   19:
        -:   20:#include <string>
        -:   21:#include <iterator>
        -:   22:
        -:   23:#ifndef QT5_NULL_STRINGS
        -:   24:// Would ideally be off, but in practice breaks too much (Qt 6.0).
        -:   25:#define QT5_NULL_STRINGS 1
        -:   26:#endif
        -:   27:
        -:   28:#ifdef truncate
        -:   29:#error qbytearray.h must be included before any header file that defines truncate
        -:   30:#endif
        -:   31:
        -:   32:#if defined(Q_OS_DARWIN) || defined(Q_QDOC)
        -:   33:Q_FORWARD_DECLARE_CF_TYPE(CFData);
        -:   34:Q_FORWARD_DECLARE_OBJC_CLASS(NSData);
        -:   35:#endif
        -:   36:
        -:   37:#if defined(Q_OS_WASM) || defined(Q_QDOC)
        -:   38:namespace emscripten {
        -:   39:    class val;
        -:   40:}
        -:   41:#endif
        -:   42:
        -:   43:class tst_QByteArray;
        -:   44:
        -:   45:QT_BEGIN_NAMESPACE
        -:   46:
        -:   47:class QString;
        -:   48:class QDataStream;
        -:   49:
        -:   50:using QByteArrayData = QArrayDataPointer<char>;
        -:   51:
        -:   52:#  define QByteArrayLiteral(str) \
        -:   53:    (QByteArray(QByteArrayData(nullptr, const_cast<char *>(str), sizeof(str) - 1))) \
        -:   54:    /**/
        -:   55:
        -:   56:class Q_CORE_EXPORT QByteArray
        -:   57:{
        -:   58:public:
        -:   59:    using DataPointer = QByteArrayData;
        -:   60:private:
        -:   61:    typedef QTypedArrayData<char> Data;
        -:   62:
        -:   63:    DataPointer d;
        -:   64:    static const char _empty;
        -:   65:
        -:   66:    friend class ::tst_QByteArray;
        -:   67:
        -:   68:    template <typename InputIterator>
        -:   69:    using if_input_iterator = QtPrivate::IfIsInputIterator<InputIterator>;
        -:   70:public:
        -:   71:
        -:   72:    enum Base64Option {
        -:   73:        Base64Encoding = 0,
        -:   74:        Base64UrlEncoding = 1,
        -:   75:
        -:   76:        KeepTrailingEquals = 0,
        -:   77:        OmitTrailingEquals = 2,
        -:   78:
        -:   79:        IgnoreBase64DecodingErrors = 0,
        -:   80:        AbortOnBase64DecodingErrors = 4,
        -:   81:    };
        -:   82:    Q_DECLARE_FLAGS(Base64Options, Base64Option)
        -:   83:
        -:   84:    enum class Base64DecodingStatus {
        -:   85:        Ok,
        -:   86:        IllegalInputLength,
        -:   87:        IllegalCharacter,
        -:   88:        IllegalPadding,
        -:   89:    };
        -:   90:
        -:   91:    inline constexpr QByteArray() noexcept;
        -:   92:    QByteArray(const char *, qsizetype size = -1);
        -:   93:    QByteArray(qsizetype size, char c);
        -:   94:    QByteArray(qsizetype size, Qt::Initialization);
        -:   95:    explicit QByteArray(QByteArrayView v) : QByteArray(v.data(), v.size()) {}
        -:   96:    inline QByteArray(const QByteArray &) noexcept;
        -:   97:    inline ~QByteArray();
        -:   98:
        -:   99:    QByteArray &operator=(const QByteArray &) noexcept;
        -:  100:    QByteArray &operator=(const char *str);
        -:  101:    inline QByteArray(QByteArray && other) noexcept
        -:  102:        = default;
        -:  103:    QT_MOVE_ASSIGNMENT_OPERATOR_IMPL_VIA_PURE_SWAP(QByteArray)
        -:  104:    inline void swap(QByteArray &other) noexcept
        -:  105:    { d.swap(other.d); }
        -:  106:
        -:  107:    bool isEmpty() const noexcept { return size() == 0; }
        -:  108:    void resize(qsizetype size);
        -:  109:    void resize(qsizetype size, char c);
        -:  110:    void resizeForOverwrite(qsizetype size);
        -:  111:
        -:  112:    QByteArray &fill(char c, qsizetype size = -1);
        -:  113:
        -:  114:    inline qsizetype capacity() const;
        -:  115:    inline void reserve(qsizetype size);
        -:  116:    inline void squeeze();
        -:  117:
        -:  118:#ifndef QT_NO_CAST_FROM_BYTEARRAY
        -:  119:    inline operator const char *() const;
        -:  120:    inline operator const void *() const;
        -:  121:#endif
        -:  122:    inline char *data();
        -:  123:    inline const char *data() const noexcept;
        -:  124:    const char *constData() const noexcept { return data(); }
        -:  125:    inline void detach();
        -:  126:    inline bool isDetached() const;
        -:  127:    inline bool isSharedWith(const QByteArray &other) const noexcept
        -:  128:    { return data() == other.data() && size() == other.size(); }
        -:  129:    void clear();
        -:  130:
        -:  131:    inline char at(qsizetype i) const;
        -:  132:    inline char operator[](qsizetype i) const;
        -:  133:    [[nodiscard]] inline char &operator[](qsizetype i);
        -:  134:    [[nodiscard]] char front() const { return at(0); }
        -:  135:    [[nodiscard]] inline char &front();
        -:  136:    [[nodiscard]] char back() const { return at(size() - 1); }
        -:  137:    [[nodiscard]] inline char &back();
        -:  138:
        -:  139:    QT_CORE_INLINE_SINCE(6, 7)
        -:  140:    qsizetype indexOf(char c, qsizetype from = 0) const;
        -:  141:    qsizetype indexOf(QByteArrayView bv, qsizetype from = 0) const
        -:  142:    { return QtPrivate::findByteArray(qToByteArrayViewIgnoringNull(*this), from, bv); }
        -:  143:
        -:  144:    QT_CORE_INLINE_SINCE(6, 7)
        -:  145:    qsizetype lastIndexOf(char c, qsizetype from = -1) const;
        -:  146:    qsizetype lastIndexOf(QByteArrayView bv) const
        -:  147:    { return lastIndexOf(bv, size()); }
        -:  148:    qsizetype lastIndexOf(QByteArrayView bv, qsizetype from) const
        -:  149:    { return QtPrivate::lastIndexOf(qToByteArrayViewIgnoringNull(*this), from, bv); }
        -:  150:
        -:  151:    inline bool contains(char c) const;
        -:  152:    inline bool contains(QByteArrayView bv) const;
        -:  153:    qsizetype count(char c) const;
        -:  154:    qsizetype count(QByteArrayView bv) const
        -:  155:    { return QtPrivate::count(qToByteArrayViewIgnoringNull(*this), bv); }
        -:  156:
        -:  157:    inline int compare(QByteArrayView a, Qt::CaseSensitivity cs = Qt::CaseSensitive) const noexcept;
        -:  158:
        -:  159:#if QT_CORE_REMOVED_SINCE(6, 7)
        -:  160:    QByteArray left(qsizetype len) const;
        -:  161:    QByteArray right(qsizetype len) const;
        -:  162:    QByteArray mid(qsizetype index, qsizetype len = -1) const;
        -:  163:    QByteArray first(qsizetype n) const;
        -:  164:    QByteArray last(qsizetype n) const;
        -:  165:    QByteArray sliced(qsizetype pos) const;
        -:  166:    QByteArray sliced(qsizetype pos, qsizetype n) const;
        -:  167:    QByteArray chopped(qsizetype len) const;
        -:  168:#else
        -:  169:    [[nodiscard]] QByteArray left(qsizetype n) const &
        -:  170:    {
        -:  171:        if (n >= size())
        -:  172:            return *this;
        -:  173:        return first(qMax(n, 0));
        -:  174:    }
        -:  175:    [[nodiscard]] QByteArray left(qsizetype n) &&
        -:  176:    {
        -:  177:        if (n >= size())
        -:  178:            return std::move(*this);
        -:  179:        return std::move(*this).first(qMax(n, 0));
        -:  180:    }
        -:  181:    [[nodiscard]] QByteArray right(qsizetype n) const &
        -:  182:    {
        -:  183:        if (n >= size())
        -:  184:            return *this;
        -:  185:        return last(qMax(n, 0));
        -:  186:    }
        -:  187:    [[nodiscard]] QByteArray right(qsizetype n) &&
        -:  188:    {
        -:  189:        if (n >= size())
        -:  190:            return std::move(*this);
        -:  191:        return std::move(*this).last(qMax(n, 0));
        -:  192:    }
        -:  193:    [[nodiscard]] QByteArray mid(qsizetype index, qsizetype len = -1) const &;
        -:  194:    [[nodiscard]] QByteArray mid(qsizetype index, qsizetype len = -1) &&;
        -:  195:
        -:  196:    [[nodiscard]] QByteArray first(qsizetype n) const &
        -:  197:    { verify(0, n); return sliced(0, n); }
        -:  198:    [[nodiscard]] QByteArray last(qsizetype n) const &
        -:  199:    { verify(0, n); return sliced(size() - n, n); }
        -:  200:    [[nodiscard]] QByteArray sliced(qsizetype pos) const &
        -:  201:    { verify(pos, 0); return sliced(pos, size() - pos); }
        -:  202:    [[nodiscard]] QByteArray sliced(qsizetype pos, qsizetype n) const &
        -:  203:    { verify(pos, n); return QByteArray(d.data() + pos, n); }
        -:  204:    [[nodiscard]] QByteArray chopped(qsizetype len) const &
        -:  205:    { verify(0, len); return sliced(0, size() - len); }
        -:  206:
        -:  207:    [[nodiscard]] QByteArray first(qsizetype n) &&
        -:  208:    {
        -:  209:        verify(0, n);
        -:  210:        resize(n);      // may detach and allocate memory
        -:  211:        return std::move(*this);
        -:  212:    }
        -:  213:    [[nodiscard]] QByteArray last(qsizetype n) &&
        -:  214:    { verify(0, n); return sliced_helper(*this, size() - n, n); }
        -:  215:    [[nodiscard]] QByteArray sliced(qsizetype pos) &&
        -:  216:    { verify(pos, 0); return sliced_helper(*this, pos, size() - pos); }
        -:  217:    [[nodiscard]] QByteArray sliced(qsizetype pos, qsizetype n) &&
        -:  218:    { verify(pos, n); return sliced_helper(*this, pos, n); }
        -:  219:    [[nodiscard]] QByteArray chopped(qsizetype len) &&
        -:  220:    { verify(0, len); return std::move(*this).first(size() - len); }
        -:  221:#endif
        -:  222:
        -:  223:    bool startsWith(QByteArrayView bv) const
        -:  224:    { return QtPrivate::startsWith(qToByteArrayViewIgnoringNull(*this), bv); }
        -:  225:    bool startsWith(char c) const { return size() > 0 && front() == c; }
        -:  226:
        -:  227:    bool endsWith(char c) const { return size() > 0 && back() == c; }
        -:  228:    bool endsWith(QByteArrayView bv) const
        -:  229:    { return QtPrivate::endsWith(qToByteArrayViewIgnoringNull(*this), bv); }
        -:  230:
        -:  231:    bool isUpper() const;
        -:  232:    bool isLower() const;
        -:  233:
        -:  234:    [[nodiscard]] bool isValidUtf8() const noexcept
        -:  235:    {
        -:  236:        return QtPrivate::isValidUtf8(qToByteArrayViewIgnoringNull(*this));
        -:  237:    }
        -:  238:
        -:  239:    void truncate(qsizetype pos);
        -:  240:    void chop(qsizetype n);
        -:  241:
        -:  242:    QByteArray &slice(qsizetype pos)
        -:  243:    { verify(pos, 0); return remove(0, pos); }
        -:  244:    QByteArray &slice(qsizetype pos, qsizetype n)
        -:  245:    {
        -:  246:        verify(pos, n);
        -:  247:        if (isNull())
        -:  248:            return *this;
        -:  249:        resize(pos + n);
        -:  250:        return remove(0, pos);
        -:  251:    }
        -:  252:
        -:  253:#if !defined(Q_QDOC)
        -:  254:    [[nodiscard]] QByteArray toLower() const &
        -:  255:    { return toLower_helper(*this); }
        -:  256:    [[nodiscard]] QByteArray toLower() &&
        -:  257:    { return toLower_helper(*this); }
        -:  258:    [[nodiscard]] QByteArray toUpper() const &
        -:  259:    { return toUpper_helper(*this); }
        -:  260:    [[nodiscard]] QByteArray toUpper() &&
        -:  261:    { return toUpper_helper(*this); }
        -:  262:    [[nodiscard]] QByteArray trimmed() const &
        -:  263:    { return trimmed_helper(*this); }
        -:  264:    [[nodiscard]] QByteArray trimmed() &&
        -:  265:    { return trimmed_helper(*this); }
        -:  266:    [[nodiscard]] QByteArray simplified() const &
        -:  267:    { return simplified_helper(*this); }
        -:  268:    [[nodiscard]] QByteArray simplified() &&
        -:  269:    { return simplified_helper(*this); }
        -:  270:#else
        -:  271:    [[nodiscard]] QByteArray toLower() const;
        -:  272:    [[nodiscard]] QByteArray toUpper() const;
        -:  273:    [[nodiscard]] QByteArray trimmed() const;
        -:  274:    [[nodiscard]] QByteArray simplified() const;
        -:  275:#endif
        -:  276:
        -:  277:    [[nodiscard]] QByteArray leftJustified(qsizetype width, char fill = ' ', bool truncate = false) const;
        -:  278:    [[nodiscard]] QByteArray rightJustified(qsizetype width, char fill = ' ', bool truncate = false) const;
        -:  279:
        -:  280:    QByteArray &prepend(char c)
        -:  281:    { return insert(0, QByteArrayView(&c, 1)); }
        -:  282:    inline QByteArray &prepend(qsizetype count, char c);
        -:  283:    QByteArray &prepend(const char *s)
        -:  284:    { return insert(0, QByteArrayView(s, qsizetype(qstrlen(s)))); }
        -:  285:    QByteArray &prepend(const char *s, qsizetype len)
        -:  286:    { return insert(0, QByteArrayView(s, len)); }
        -:  287:    QByteArray &prepend(const QByteArray &a);
        -:  288:    QByteArray &prepend(QByteArrayView a)
        -:  289:    { return insert(0, a); }
        -:  290:
        -:  291:    QByteArray &append(char c);
        -:  292:    inline QByteArray &append(qsizetype count, char c);
        -:  293:    QByteArray &append(const char *s)
        -:  294:    { return append(s, -1); }
        -:  295:    QByteArray &append(const char *s, qsizetype len)
        -:  296:    { return append(QByteArrayView(s, len < 0 ? qsizetype(qstrlen(s)) : len)); }
        -:  297:    QByteArray &append(const QByteArray &a);
        -:  298:    QByteArray &append(QByteArrayView a)
        -:  299:    { return insert(size(), a); }
        -:  300:
        -:  301:    QByteArray &assign(QByteArrayView v);
        -:  302:    QByteArray &assign(qsizetype n, char c)
        -:  303:    {
        -:  304:        Q_ASSERT(n >= 0);
        -:  305:        return fill(c, n);
        -:  306:    }
        -:  307:    template <typename InputIterator, if_input_iterator<InputIterator> = true>
        -:  308:    QByteArray &assign(InputIterator first, InputIterator last)
        -:  309:    {
        -:  310:        d.assign(first, last);
        -:  311:        d.data()[d.size] = '\0';
        -:  312:        return *this;
        -:  313:    }
        -:  314:
        -:  315:    QByteArray &insert(qsizetype i, QByteArrayView data);
        -:  316:    inline QByteArray &insert(qsizetype i, const char *s)
        -:  317:    { return insert(i, QByteArrayView(s)); }
        -:  318:    inline QByteArray &insert(qsizetype i, const QByteArray &data)
        -:  319:    { return insert(i, QByteArrayView(data)); }
        -:  320:    QByteArray &insert(qsizetype i, qsizetype count, char c);
        -:  321:    QByteArray &insert(qsizetype i, char c)
        -:  322:    { return insert(i, QByteArrayView(&c, 1)); }
        -:  323:    QByteArray &insert(qsizetype i, const char *s, qsizetype len)
        -:  324:    { return insert(i, QByteArrayView(s, len)); }
        -:  325:
        -:  326:    QByteArray &remove(qsizetype index, qsizetype len);
        -:  327:    QByteArray &removeAt(qsizetype pos)
        -:  328:    { return size_t(pos) < size_t(size()) ? remove(pos, 1) : *this; }
        -:  329:    QByteArray &removeFirst() { return !isEmpty() ? remove(0, 1) : *this; }
        -:  330:    QByteArray &removeLast() { return !isEmpty() ? remove(size() - 1, 1) : *this; }
        -:  331:
        -:  332:    template <typename Predicate>
        -:  333:    QByteArray &removeIf(Predicate pred)
        -:  334:    {
        -:  335:        removeIf_helper(pred);
        -:  336:        return *this;
        -:  337:    }
        -:  338:
        -:  339:    QByteArray &replace(qsizetype index, qsizetype len, const char *s, qsizetype alen)
        -:  340:    { return replace(index, len, QByteArrayView(s, alen)); }
        -:  341:    QByteArray &replace(qsizetype index, qsizetype len, QByteArrayView s);
        -:  342:    QByteArray &replace(char before, QByteArrayView after)
        -:  343:    { return replace(QByteArrayView(&before, 1), after); }
        -:  344:    QByteArray &replace(const char *before, qsizetype bsize, const char *after, qsizetype asize)
        -:  345:    { return replace(QByteArrayView(before, bsize), QByteArrayView(after, asize)); }
        -:  346:    QByteArray &replace(QByteArrayView before, QByteArrayView after);
        -:  347:    QByteArray &replace(char before, char after);
        -:  348:
        -:  349:    QByteArray &operator+=(char c)
        -:  350:    { return append(c); }
        -:  351:    QByteArray &operator+=(const char *s)
        -:  352:    { return append(s); }
        -:  353:    QByteArray &operator+=(const QByteArray &a)
        -:  354:    { return append(a); }
        -:  355:    QByteArray &operator+=(QByteArrayView a)
        -:  356:    { return append(a); }
        -:  357:
        -:  358:    QList<QByteArray> split(char sep) const;
        -:  359:
        -:  360:    [[nodiscard]] QByteArray repeated(qsizetype times) const;
        -:  361:
        -:  362:#if !defined(QT_NO_CAST_FROM_ASCII) && !defined(QT_RESTRICTED_CAST_FROM_ASCII)
        -:  363:#if QT_CORE_REMOVED_SINCE(6, 8)
        -:  364:    QT_ASCII_CAST_WARN inline bool operator==(const QString &s2) const;
        -:  365:    QT_ASCII_CAST_WARN inline bool operator!=(const QString &s2) const;
        -:  366:    QT_ASCII_CAST_WARN inline bool operator<(const QString &s2) const;
        -:  367:    QT_ASCII_CAST_WARN inline bool operator>(const QString &s2) const;
        -:  368:    QT_ASCII_CAST_WARN inline bool operator<=(const QString &s2) const;
        -:  369:    QT_ASCII_CAST_WARN inline bool operator>=(const QString &s2) const;
        -:  370:#endif // QT_CORE_REMOVED_SINCE(6, 8)
        -:  371:#endif // !defined(QT_NO_CAST_FROM_ASCII) && !defined(QT_RESTRICTED_CAST_FROM_ASCII)
        -:  372:
        -:  373:    short toShort(bool *ok = nullptr, int base = 10) const;
        -:  374:    ushort toUShort(bool *ok = nullptr, int base = 10) const;
        -:  375:    int toInt(bool *ok = nullptr, int base = 10) const;
        -:  376:    uint toUInt(bool *ok = nullptr, int base = 10) const;
        -:  377:    long toLong(bool *ok = nullptr, int base = 10) const;
        -:  378:    ulong toULong(bool *ok = nullptr, int base = 10) const;
        -:  379:    qlonglong toLongLong(bool *ok = nullptr, int base = 10) const;
        -:  380:    qulonglong toULongLong(bool *ok = nullptr, int base = 10) const;
        -:  381:    float toFloat(bool *ok = nullptr) const;
        -:  382:    double toDouble(bool *ok = nullptr) const;
        -:  383:    QByteArray toBase64(Base64Options options = Base64Encoding) const;
        -:  384:    QByteArray toHex(char separator = '\0') const;
        -:  385:    QByteArray toPercentEncoding(const QByteArray &exclude = QByteArray(),
        -:  386:                                 const QByteArray &include = QByteArray(),
        -:  387:                                 char percent = '%') const;
        -:  388:    [[nodiscard]] QByteArray percentDecoded(char percent = '%') const;
        -:  389:
        -:  390:    inline QByteArray &setNum(short, int base = 10);
        -:  391:    inline QByteArray &setNum(ushort, int base = 10);
        -:  392:    inline QByteArray &setNum(int, int base = 10);
        -:  393:    inline QByteArray &setNum(uint, int base = 10);
        -:  394:    inline QByteArray &setNum(long, int base = 10);
        -:  395:    inline QByteArray &setNum(ulong, int base = 10);
        -:  396:    QByteArray &setNum(qlonglong, int base = 10);
        -:  397:    QByteArray &setNum(qulonglong, int base = 10);
        -:  398:    inline QByteArray &setNum(float, char format = 'g', int precision = 6);
        -:  399:    QByteArray &setNum(double, char format = 'g', int precision = 6);
        -:  400:    QByteArray &setRawData(const char *a, qsizetype n);
        -:  401:
        -:  402:    [[nodiscard]] static QByteArray number(int, int base = 10);
        -:  403:    [[nodiscard]] static QByteArray number(uint, int base = 10);
        -:  404:    [[nodiscard]] static QByteArray number(long, int base = 10);
        -:  405:    [[nodiscard]] static QByteArray number(ulong, int base = 10);
        -:  406:    [[nodiscard]] static QByteArray number(qlonglong, int base = 10);
        -:  407:    [[nodiscard]] static QByteArray number(qulonglong, int base = 10);
        -:  408:    [[nodiscard]] static QByteArray number(double, char format = 'g', int precision = 6);
        -:  409:    [[nodiscard]] static QByteArray fromRawData(const char *data, qsizetype size)
        -:  410:    {
        -:  411:        return QByteArray(DataPointer(nullptr, const_cast<char *>(data), size));
        -:  412:    }
        -:  413:
        -:  414:    class FromBase64Result;
        -:  415:    [[nodiscard]] static FromBase64Result fromBase64Encoding(QByteArray &&base64, Base64Options options = Base64Encoding);
        -:  416:    [[nodiscard]] static FromBase64Result fromBase64Encoding(const QByteArray &base64, Base64Options options = Base64Encoding);
        -:  417:    [[nodiscard]] static QByteArray fromBase64(const QByteArray &base64, Base64Options options = Base64Encoding);
        -:  418:    [[nodiscard]] static QByteArray fromHex(const QByteArray &hexEncoded);
        -:  419:    [[nodiscard]] static QByteArray fromPercentEncoding(const QByteArray &pctEncoded, char percent = '%');
        -:  420:
        -:  421:#if defined(Q_OS_DARWIN) || defined(Q_QDOC)
        -:  422:    static QByteArray fromCFData(CFDataRef data);
        -:  423:    static QByteArray fromRawCFData(CFDataRef data);
        -:  424:    CFDataRef toCFData() const Q_DECL_CF_RETURNS_RETAINED;
        -:  425:    CFDataRef toRawCFData() const Q_DECL_CF_RETURNS_RETAINED;
        -:  426:    static QByteArray fromNSData(const NSData *data);
        -:  427:    static QByteArray fromRawNSData(const NSData *data);
        -:  428:    NSData *toNSData() const Q_DECL_NS_RETURNS_AUTORELEASED;
        -:  429:    NSData *toRawNSData() const Q_DECL_NS_RETURNS_AUTORELEASED;
        -:  430:#endif
        -:  431:
        -:  432:#if defined(Q_OS_WASM) || defined(Q_QDOC)
        -:  433:    static QByteArray fromEcmaUint8Array(emscripten::val uint8array);
        -:  434:    emscripten::val toEcmaUint8Array();
        -:  435:#endif
        -:  436:
        -:  437:    typedef char *iterator;
        -:  438:    typedef const char *const_iterator;
        -:  439:    typedef iterator Iterator;
        -:  440:    typedef const_iterator ConstIterator;
        -:  441:    typedef std::reverse_iterator<iterator> reverse_iterator;
        -:  442:    typedef std::reverse_iterator<const_iterator> const_reverse_iterator;
        -:  443:    iterator begin() { return data(); }
        -:  444:    const_iterator begin() const noexcept { return d.data(); }
        -:  445:    const_iterator cbegin() const noexcept { return begin(); }
        -:  446:    const_iterator constBegin() const noexcept { return begin(); }
        -:  447:    iterator end() { return begin() + size(); }
        -:  448:    const_iterator end() const noexcept { return begin() + size(); }
        -:  449:    const_iterator cend() const noexcept { return end(); }
        -:  450:    const_iterator constEnd() const noexcept { return end(); }
        -:  451:    reverse_iterator rbegin() { return reverse_iterator(end()); }
        -:  452:    reverse_iterator rend() { return reverse_iterator(begin()); }
        -:  453:    const_reverse_iterator rbegin() const noexcept { return const_reverse_iterator(end()); }
        -:  454:    const_reverse_iterator rend() const noexcept { return const_reverse_iterator(begin()); }
        -:  455:    const_reverse_iterator crbegin() const noexcept { return rbegin(); }
        -:  456:    const_reverse_iterator crend() const noexcept { return rend(); }
        -:  457:
        -:  458:    // stl compatibility
        -:  459:    typedef qsizetype size_type;
        -:  460:    typedef qptrdiff difference_type;
        -:  461:    typedef const char & const_reference;
        -:  462:    typedef char & reference;
        -:  463:    typedef char *pointer;
        -:  464:    typedef const char *const_pointer;
        -:  465:    typedef char value_type;
        -:  466:    void push_back(char c)
        -:  467:    { append(c); }
        -:  468:    void push_back(const char *s)
        -:  469:    { append(s); }
        -:  470:    void push_back(const QByteArray &a)
        -:  471:    { append(a); }
        -:  472:    void push_back(QByteArrayView a)
        -:  473:    { append(a); }
        -:  474:    void push_front(char c)
        -:  475:    { prepend(c); }
        -:  476:    void push_front(const char *c)
        -:  477:    { prepend(c); }
        -:  478:    void push_front(const QByteArray &a)
        -:  479:    { prepend(a); }
        -:  480:    void push_front(QByteArrayView a)
        -:  481:    { prepend(a); }
        -:  482:    void shrink_to_fit() { squeeze(); }
        -:  483:    iterator erase(const_iterator first, const_iterator last);
        -:  484:    inline iterator erase(const_iterator it) { return erase(it, it + 1); }
        -:  485:    static constexpr qsizetype max_size() noexcept
        -:  486:    {
        -:  487:        // -1 to deal with the NUL terminator
        -:  488:        return Data::max_size() - 1;
        -:  489:    }
        -:  490:
        -:  491:    static QByteArray fromStdString(const std::string &s);
        -:  492:    std::string toStdString() const;
        -:  493:
        -:  494:    inline qsizetype size() const noexcept { return d->size; }
        -:  495:#if QT_DEPRECATED_SINCE(6, 4)
        -:  496:    QT_DEPRECATED_VERSION_X_6_4("Use size() or length() instead.")
        -:  497:    inline qsizetype count() const noexcept { return size(); }
        -:  498:#endif
        -:  499:    inline qsizetype length() const noexcept { return size(); }
        -:  500:    QT_CORE_INLINE_SINCE(6, 4)
        -:  501:    bool isNull() const noexcept;
        -:  502:
        -:  503:    inline const DataPointer &data_ptr() const { return d; }
        -:  504:    inline DataPointer &data_ptr() { return d; }
        -:  505:#if QT_VERSION < QT_VERSION_CHECK(7, 0, 0)
        -:  506:    explicit inline QByteArray(const DataPointer &dd) : d(dd) {}
        -:  507:#endif
        -:  508:    explicit inline QByteArray(DataPointer &&dd) : d(std::move(dd)) {}
        -:  509:
        -:  510:private:
        -:  511:    friend bool comparesEqual(const QByteArray &lhs, const QByteArrayView &rhs) noexcept
        -:  512:    { return QByteArrayView(lhs) == rhs; }
        -:  513:    friend Qt::strong_ordering
        -:  514:    compareThreeWay(const QByteArray &lhs, const QByteArrayView &rhs) noexcept
        -:  515:    {
        -:  516:        const int res = QtPrivate::compareMemory(QByteArrayView(lhs), rhs);
        -:  517:        return Qt::compareThreeWay(res, 0);
        -:  518:    }
        -:  519:    Q_DECLARE_STRONGLY_ORDERED(QByteArray)
        -:  520:    Q_DECLARE_STRONGLY_ORDERED(QByteArray, QByteArrayView)
        -:  521:    Q_DECLARE_STRONGLY_ORDERED(QByteArray, const char *)
        -:  522:#if defined(__GLIBCXX__) && defined(__cpp_lib_three_way_comparison)
        -:  523:    // libstdc++ has a bug [0] when `operator const void *()` is preferred over
        -:  524:    // `operator<=>()` when calling std::less<> and other similar methods.
        -:  525:    // Fix it by explicitly providing relational operators in such case.
        -:  526:    // [0]: https://gcc.gnu.org/bugzilla/show_bug.cgi?id=114153
        -:  527:    friend bool operator<(const QByteArray &lhs, const QByteArray &rhs) noexcept
        -:  528:    { return is_lt(compareThreeWay(lhs, rhs)); }
        -:  529:    friend bool operator<=(const QByteArray &lhs, const QByteArray &rhs) noexcept
        -:  530:    { return is_lteq(compareThreeWay(lhs, rhs)); }
        -:  531:    friend bool operator>(const QByteArray &lhs, const QByteArray &rhs) noexcept
        -:  532:    { return is_gt(compareThreeWay(lhs, rhs)); }
        -:  533:    friend bool operator>=(const QByteArray &lhs, const QByteArray &rhs) noexcept
        -:  534:    { return is_gteq(compareThreeWay(lhs, rhs)); }
        -:  535:#endif // defined(__GLIBCXX__) && defined(__cpp_lib_three_way_comparison)
        -:  536:
        -:  537:    // Check isEmpty() instead of isNull() for backwards compatibility.
        -:  538:    friend bool comparesEqual(const QByteArray &lhs, std::nullptr_t) noexcept
        -:  539:    { return lhs.isEmpty(); }
        -:  540:    friend Qt::strong_ordering compareThreeWay(const QByteArray &lhs, std::nullptr_t) noexcept
        -:  541:    { return lhs.isEmpty() ? Qt::strong_ordering::equivalent : Qt::strong_ordering::greater; }
        -:  542:    Q_DECLARE_STRONGLY_ORDERED(QByteArray, std::nullptr_t)
        -:  543:
        -:  544:    // defined in qstring.cpp
        -:  545:    friend Q_CORE_EXPORT bool comparesEqual(const QByteArray &lhs, const QChar &rhs) noexcept;
        -:  546:    friend Q_CORE_EXPORT Qt::strong_ordering
        -:  547:    compareThreeWay(const QByteArray &lhs, const QChar &rhs) noexcept;
        -:  548:    friend Q_CORE_EXPORT bool comparesEqual(const QByteArray &lhs, char16_t rhs) noexcept;
        -:  549:    friend Q_CORE_EXPORT Qt::strong_ordering
        -:  550:    compareThreeWay(const QByteArray &lhs, char16_t rhs) noexcept;
        -:  551:#if !defined(QT_NO_CAST_FROM_ASCII) && !defined(QT_RESTRICTED_CAST_FROM_ASCII)
        -:  552:    Q_DECLARE_STRONGLY_ORDERED(QByteArray, QChar, QT_ASCII_CAST_WARN)
        -:  553:    Q_DECLARE_STRONGLY_ORDERED(QByteArray, char16_t, QT_ASCII_CAST_WARN)
        -:  554:#endif // !defined(QT_NO_CAST_FROM_ASCII) && !defined(QT_RESTRICTED_CAST_FROM_ASCII)
        -:  555:
        -:  556:
        -:  557:    void reallocData(qsizetype alloc, QArrayData::AllocationOption option);
        -:  558:    void reallocGrowData(qsizetype n);
        -:  559:    void expand(qsizetype i);
        -:  560:
        -:  561:    Q_ALWAYS_INLINE constexpr void verify([[maybe_unused]] qsizetype pos = 0,
        -:  562:                                          [[maybe_unused]] qsizetype n = 1) const
        -:  563:    {
        -:  564:        Q_ASSERT(pos >= 0);
        -:  565:        Q_ASSERT(pos <= d.size);
        -:  566:        Q_ASSERT(n >= 0);
        -:  567:        Q_ASSERT(n <= d.size - pos);
        -:  568:    }
        -:  569:
        -:  570:    static QByteArray sliced_helper(QByteArray &a, qsizetype pos, qsizetype n);
        -:  571:    static QByteArray toLower_helper(const QByteArray &a);
        -:  572:    static QByteArray toLower_helper(QByteArray &a);
        -:  573:    static QByteArray toUpper_helper(const QByteArray &a);
        -:  574:    static QByteArray toUpper_helper(QByteArray &a);
        -:  575:    static QByteArray trimmed_helper(const QByteArray &a);
        -:  576:    static QByteArray trimmed_helper(QByteArray &a);
        -:  577:    static QByteArray simplified_helper(const QByteArray &a);
        -:  578:    static QByteArray simplified_helper(QByteArray &a);
        -:  579:    template <typename Predicate>
        -:  580:    qsizetype removeIf_helper(Predicate pred)
        -:  581:    {
        -:  582:        const qsizetype result = d->eraseIf(pred);
        -:  583:        if (result > 0)
        -:  584:            d.data()[d.size] = '\0';
        -:  585:        return result;
        -:  586:    }
        -:  587:
        -:  588:    friend class QString;
        -:  589:    friend Q_CORE_EXPORT QByteArray qUncompress(const uchar *data, qsizetype nbytes);
        -:  590:
        -:  591:    template <typename T> friend qsizetype erase(QByteArray &ba, const T &t);
        -:  592:    template <typename Predicate> friend qsizetype erase_if(QByteArray &ba, Predicate pred);
        -:  593:};
        -:  594:
        -:  595:Q_DECLARE_OPERATORS_FOR_FLAGS(QByteArray::Base64Options)
        -:  596:
        -:  597:inline constexpr QByteArray::QByteArray() noexcept {}
function _ZN10QByteArrayD1Ev called 0 returned 0% blocks executed 0%
    #####:  598:inline QByteArray::~QByteArray() {}
    %%%%%:  598-block  0
call    0 never executed
        -:  599:
        -:  600:inline char QByteArray::at(qsizetype i) const
        -:  601:{ verify(i, 1); return d.data()[i]; }
        -:  602:inline char QByteArray::operator[](qsizetype i) const
        -:  603:{ verify(i, 1); return d.data()[i]; }
        -:  604:
        -:  605:#ifndef QT_NO_CAST_FROM_BYTEARRAY
        -:  606:inline QByteArray::operator const char *() const
        -:  607:{ return data(); }
        -:  608:inline QByteArray::operator const void *() const
        -:  609:{ return data(); }
        -:  610:#endif
        -:  611:inline char *QByteArray::data()
        -:  612:{
        -:  613:    detach();
        -:  614:    Q_ASSERT(d.data());
        -:  615:    return d.data();
        -:  616:}
        -:  617:inline const char *QByteArray::data() const noexcept
        -:  618:{
        -:  619:#if QT5_NULL_STRINGS == 1
        -:  620:    return d.data() ? d.data() : &_empty;
        -:  621:#else
        -:  622:    return d.data();
        -:  623:#endif
        -:  624:}
        -:  625:inline void QByteArray::detach()
        -:  626:{ if (d->needsDetach()) reallocData(size(), QArrayData::KeepSize); }
        -:  627:inline bool QByteArray::isDetached() const
        -:  628:{ return !d->isShared(); }
        -:  629:inline QByteArray::QByteArray(const QByteArray &a) noexcept : d(a.d)
        -:  630:{}
        -:  631:
        -:  632:inline qsizetype QByteArray::capacity() const { return qsizetype(d->constAllocatedCapacity()); }
        -:  633:
        -:  634:inline void QByteArray::reserve(qsizetype asize)
        -:  635:{
        -:  636:    if (d->needsDetach() || asize > capacity() - d->freeSpaceAtBegin())
        -:  637:        reallocData(qMax(size(), asize), QArrayData::KeepSize);
        -:  638:    if (d->constAllocatedCapacity())
        -:  639:        d->setFlag(Data::CapacityReserved);
        -:  640:}
        -:  641:
        -:  642:inline void QByteArray::squeeze()
        -:  643:{
        -:  644:    if (!d.isMutable())
        -:  645:        return;
        -:  646:    if (d->needsDetach() || size() < capacity())
        -:  647:        reallocData(size(), QArrayData::KeepSize);
        -:  648:    if (d->constAllocatedCapacity())
        -:  649:        d->clearFlag(Data::CapacityReserved);
        -:  650:}
        -:  651:
        -:  652:inline char &QByteArray::operator[](qsizetype i)
        -:  653:{ verify(i, 1); return data()[i]; }
        -:  654:inline char &QByteArray::front() { return operator[](0); }
        -:  655:inline char &QByteArray::back() { return operator[](size() - 1); }
        -:  656:inline QByteArray &QByteArray::append(qsizetype n, char ch)
        -:  657:{ return insert(size(), n, ch); }
        -:  658:inline QByteArray &QByteArray::prepend(qsizetype n, char ch)
        -:  659:{ return insert(0, n, ch); }
        -:  660:inline bool QByteArray::contains(char c) const
        -:  661:{ return indexOf(c) != -1; }
        -:  662:inline bool QByteArray::contains(QByteArrayView bv) const
        -:  663:{ return indexOf(bv) != -1; }
        -:  664:inline int QByteArray::compare(QByteArrayView a, Qt::CaseSensitivity cs) const noexcept
        -:  665:{
        -:  666:    return cs == Qt::CaseSensitive ? QtPrivate::compareMemory(*this, a) :
        -:  667:                                     qstrnicmp(data(), size(), a.data(), a.size());
        -:  668:}
        -:  669:#if !defined(QT_USE_QSTRINGBUILDER)
        -:  670:inline QByteArray operator+(const QByteArray &a1, const QByteArray &a2)
        -:  671:{ return QByteArray(a1) += a2; }
        -:  672:inline QByteArray operator+(QByteArray &&lhs, const QByteArray &rhs)
        -:  673:{ return std::move(lhs += rhs); }
        -:  674:inline QByteArray operator+(const QByteArray &a1, const char *a2)
        -:  675:{ return QByteArray(a1) += a2; }
        -:  676:inline QByteArray operator+(QByteArray &&lhs, const char *rhs)
        -:  677:{ return std::move(lhs += rhs); }
        -:  678:inline QByteArray operator+(const QByteArray &a1, char a2)
        -:  679:{ return QByteArray(a1) += a2; }
        -:  680:inline QByteArray operator+(QByteArray &&lhs, char rhs)
        -:  681:{ return std::move(lhs += rhs); }
        -:  682:inline QByteArray operator+(const char *a1, const QByteArray &a2)
        -:  683:{ return QByteArray(a1) += a2; }
        -:  684:inline QByteArray operator+(char a1, const QByteArray &a2)
        -:  685:{ return QByteArray(&a1, 1) += a2; }
        -:  686:#endif // QT_USE_QSTRINGBUILDER
        -:  687:
        -:  688:inline QByteArray &QByteArray::setNum(short n, int base)
        -:  689:{ return setNum(qlonglong(n), base); }
        -:  690:inline QByteArray &QByteArray::setNum(ushort n, int base)
        -:  691:{ return setNum(qulonglong(n), base); }
        -:  692:inline QByteArray &QByteArray::setNum(int n, int base)
        -:  693:{ return setNum(qlonglong(n), base); }
        -:  694:inline QByteArray &QByteArray::setNum(uint n, int base)
        -:  695:{ return setNum(qulonglong(n), base); }
        -:  696:inline QByteArray &QByteArray::setNum(long n, int base)
        -:  697:{ return setNum(qlonglong(n), base); }
        -:  698:inline QByteArray &QByteArray::setNum(ulong n, int base)
        -:  699:{ return setNum(qulonglong(n), base); }
        -:  700:inline QByteArray &QByteArray::setNum(float n, char format, int precision)
        -:  701:{ return setNum(double(n), format, precision); }
        -:  702:
        -:  703:#if QT_CORE_INLINE_IMPL_SINCE(6, 4)
        -:  704:bool QByteArray::isNull() const noexcept
        -:  705:{
        -:  706:    return d->isNull();
        -:  707:}
        -:  708:#endif
        -:  709:#if QT_CORE_INLINE_IMPL_SINCE(6, 7)
        -:  710:qsizetype QByteArray::indexOf(char ch, qsizetype from) const
        -:  711:{
        -:  712:    return qToByteArrayViewIgnoringNull(*this).indexOf(ch, from);
        -:  713:}
        -:  714:qsizetype QByteArray::lastIndexOf(char ch, qsizetype from) const
        -:  715:{
        -:  716:    return qToByteArrayViewIgnoringNull(*this).lastIndexOf(ch, from);
        -:  717:}
        -:  718:#endif
        -:  719:
        -:  720:#if !defined(QT_NO_DATASTREAM) || defined(QT_BOOTSTRAPPED)
        -:  721:Q_CORE_EXPORT QDataStream &operator<<(QDataStream &, const QByteArray &);
        -:  722:Q_CORE_EXPORT QDataStream &operator>>(QDataStream &, QByteArray &);
        -:  723:#endif
        -:  724:
        -:  725:#ifndef QT_NO_COMPRESS
        -:  726:Q_CORE_EXPORT QByteArray qCompress(const uchar* data, qsizetype nbytes, int compressionLevel = -1);
        -:  727:Q_CORE_EXPORT QByteArray qUncompress(const uchar* data, qsizetype nbytes);
        -:  728:inline QByteArray qCompress(const QByteArray& data, int compressionLevel = -1)
        -:  729:{ return qCompress(reinterpret_cast<const uchar *>(data.constData()), data.size(), compressionLevel); }
        -:  730:inline QByteArray qUncompress(const QByteArray& data)
        -:  731:{ return qUncompress(reinterpret_cast<const uchar*>(data.constData()), data.size()); }
        -:  732:#endif
        -:  733:
        -:  734:Q_DECLARE_SHARED(QByteArray)
        -:  735:
        -:  736:class QByteArray::FromBase64Result
        -:  737:{
        -:  738:public:
        -:  739:    QByteArray decoded;
        -:  740:    QByteArray::Base64DecodingStatus decodingStatus;
        -:  741:
        -:  742:    void swap(QByteArray::FromBase64Result &other) noexcept
        -:  743:    {
        -:  744:        decoded.swap(other.decoded);
        -:  745:        std::swap(decodingStatus, other.decodingStatus);
        -:  746:    }
        -:  747:
        -:  748:    explicit operator bool() const noexcept { return decodingStatus == QByteArray::Base64DecodingStatus::Ok; }
        -:  749:
        -:  750:#if defined(Q_COMPILER_REF_QUALIFIERS) && !defined(Q_QDOC)
        -:  751:    QByteArray &operator*() & noexcept { return decoded; }
        -:  752:    const QByteArray &operator*() const & noexcept { return decoded; }
        -:  753:    QByteArray &&operator*() && noexcept { return std::move(decoded); }
        -:  754:#else
        -:  755:    QByteArray &operator*() noexcept { return decoded; }
        -:  756:    const QByteArray &operator*() const noexcept { return decoded; }
        -:  757:#endif
        -:  758:
        -:  759:    friend inline bool operator==(const QByteArray::FromBase64Result &lhs, const QByteArray::FromBase64Result &rhs) noexcept
        -:  760:    {
        -:  761:        if (lhs.decodingStatus != rhs.decodingStatus)
        -:  762:            return false;
        -:  763:
        -:  764:        if (lhs.decodingStatus == QByteArray::Base64DecodingStatus::Ok && lhs.decoded != rhs.decoded)
        -:  765:            return false;
        -:  766:
        -:  767:        return true;
        -:  768:    }
        -:  769:
        -:  770:    friend inline bool operator!=(const QByteArray::FromBase64Result &lhs, const QByteArray::FromBase64Result &rhs) noexcept
        -:  771:    {
        -:  772:        return !(lhs == rhs);
        -:  773:    }
        -:  774:};
        -:  775:
        -:  776:Q_DECLARE_SHARED(QByteArray::FromBase64Result)
        -:  777:
        -:  778:
        -:  779:Q_CORE_EXPORT Q_DECL_PURE_FUNCTION size_t qHash(const QByteArray::FromBase64Result &key, size_t seed = 0) noexcept;
        -:  780:
        -:  781:template <typename T>
        -:  782:qsizetype erase(QByteArray &ba, const T &t)
        -:  783:{
        -:  784:    return ba.removeIf_helper([&t](const auto &e) { return t == e; });
        -:  785:}
        -:  786:
        -:  787:template <typename Predicate>
        -:  788:qsizetype erase_if(QByteArray &ba, Predicate pred)
        -:  789:{
        -:  790:    return ba.removeIf_helper(pred);
        -:  791:}
        -:  792:
        -:  793://
        -:  794:// QByteArrayView members that require QByteArray:
        -:  795://
        -:  796:QByteArray QByteArrayView::toByteArray() const
        -:  797:{
        -:  798:    return QByteArray(*this);
        -:  799:}
        -:  800:
        -:  801:namespace Qt {
        -:  802:inline namespace Literals {
        -:  803:inline namespace StringLiterals {
        -:  804:
        -:  805:inline QByteArray operator""_ba(const char *str, size_t size) noexcept
        -:  806:{
        -:  807:    return QByteArray(QByteArrayData(nullptr, const_cast<char *>(str), qsizetype(size)));
        -:  808:}
        -:  809:
        -:  810:} // StringLiterals
        -:  811:} // Literals
        -:  812:} // Qt
        -:  813:
        -:  814:inline namespace QtLiterals {
        -:  815:#if QT_DEPRECATED_SINCE(6, 8)
        -:  816:
        -:  817:QT_DEPRECATED_VERSION_X_6_8("Use _ba from Qt::StringLiterals namespace instead.")
        -:  818:inline QByteArray operator""_qba(const char *str, size_t size) noexcept
        -:  819:{
        -:  820:    return Qt::StringLiterals::operator""_ba(str, size);
        -:  821:}
        -:  822:
        -:  823:#endif // QT_DEPRECATED_SINCE(6, 8)
        -:  824:} // QtLiterals
        -:  825:
        -:  826:QT_END_NAMESPACE
        -:  827:
        -:  828:#endif // QBYTEARRAY_H
