        -:    0:Source:C:/Qt/6.8.0/mingw_64/include/QtCore/qswap.h
        -:    0:Graph:C:\Users\Ale\Desktop\QT\cmake-build-debug-coverage\CMakeFiles\QT.dir\main.cpp.gcno
        -:    0:Data:C:\Users\Ale\Desktop\QT\cmake-build-debug-coverage\CMakeFiles\QT.dir\main.cpp.gcda
        -:    0:Runs:1
        -:    1:// Copyright (C) 2022 The Qt Company Ltd.
        -:    2:// SPDX-License-Identifier: LicenseRef-Qt-Commercial OR LGPL-3.0-only OR GPL-2.0-only OR GPL-3.0-only
        -:    3:
        -:    4:#ifndef QTCORE_QSWAP_H
        -:    5:#define QTCORE_QSWAP_H
        -:    6:
        -:    7:#include <QtCore/qtconfigmacros.h>
        -:    8:
        -:    9:#include <type_traits>
        -:   10:#include <utility>
        -:   11:
        -:   12:#if 0
        -:   13:#pragma qt_class(QtSwap)
        -:   14:#pragma qt_sync_stop_processing
        -:   15:#endif
        -:   16:
        -:   17:QT_BEGIN_NAMESPACE
        -:   18:
        -:   19:template <typename T>
        -:   20:constexpr void qSwap(T &value1, T &value2)
        -:   21:    noexcept(std::is_nothrow_swappable_v<T>)
        -:   22:{
        -:   23:    using std::swap;
        -:   24:    swap(value1, value2);
        -:   25:}
        -:   26:
        -:   27:// pure compile-time micro-optimization for our own headers, so not documented:
        -:   28:template <typename T>
      102:   29:constexpr inline void qt_ptr_swap(T* &lhs, T* &rhs) noexcept
        -:   30:{
      102:   31:    T *tmp = lhs;
      102:   32:    lhs = rhs;
      102:   33:    rhs = tmp;
      102:   34:}
------------------
_Z11qt_ptr_swapI7QStringEvRPT_S3_:
function _Z11qt_ptr_swapI7QStringEvRPT_S3_ called 1 returned 100% blocks executed 100%
        1:   29:constexpr inline void qt_ptr_swap(T* &lhs, T* &rhs) noexcept
        -:   30:{
        1:   31:    T *tmp = lhs;
        1:   32:    lhs = rhs;
        1:   33:    rhs = tmp;
        1:   34:}
------------------
_Z11qt_ptr_swapI15QTypedArrayDataI7QStringEEvRPT_S5_:
function _Z11qt_ptr_swapI15QTypedArrayDataI7QStringEEvRPT_S5_ called 1 returned 100% blocks executed 100%
        1:   29:constexpr inline void qt_ptr_swap(T* &lhs, T* &rhs) noexcept
        -:   30:{
        1:   31:    T *tmp = lhs;
        1:   32:    lhs = rhs;
        1:   33:    rhs = tmp;
        1:   34:}
------------------
_Z11qt_ptr_swapIDsEvRPT_S2_:
function _Z11qt_ptr_swapIDsEvRPT_S2_ called 50 returned 100% blocks executed 100%
       50:   29:constexpr inline void qt_ptr_swap(T* &lhs, T* &rhs) noexcept
        -:   30:{
       50:   31:    T *tmp = lhs;
       50:   32:    lhs = rhs;
       50:   33:    rhs = tmp;
       50:   34:}
------------------
_Z11qt_ptr_swapI15QTypedArrayDataIDsEEvRPT_S4_:
function _Z11qt_ptr_swapI15QTypedArrayDataIDsEEvRPT_S4_ called 50 returned 100% blocks executed 100%
       50:   29:constexpr inline void qt_ptr_swap(T* &lhs, T* &rhs) noexcept
        -:   30:{
       50:   31:    T *tmp = lhs;
       50:   32:    lhs = rhs;
       50:   33:    rhs = tmp;
       50:   34:}
------------------
        -:   35:
        -:   36:QT_END_NAMESPACE
        -:   37:
        -:   38:#endif // QTCORE_QSWAP_H
