        -:    0:Source:C:/Users/Ale/Desktop/QT/Validator.h
        -:    0:Graph:C:\Users\Ale\Desktop\QT\cmake-build-debug-coverage\CMakeFiles\QT.dir\tests.cpp.gcno
        -:    0:Data:C:\Users\Ale\Desktop\QT\cmake-build-debug-coverage\CMakeFiles\QT.dir\tests.cpp.gcda
        -:    0:Runs:1
        -:    1://
        -:    2:// Created by Ale on 05/16/2024.
        -:    3://
        -:    4:
        -:    5:#ifndef QT_VALIDATOR_H
        -:    6:#define QT_VALIDATOR_H
        -:    7:#include <string>
        -:    8:using namespace std;
        -:    9:
        -:   10:class Exception{
        -:   11:private:
        -:   12:    string msg;
        -:   13:public:
function _ZN9ExceptionC1ENSt7__cxx1112basic_stringIcSt11char_traitsIcESaIcEEE called 0 returned 0% blocks executed 0%
    #####:   14:    Exception(string m) : msg{m} {};
    %%%%%:   14-block  0
call    0 never executed
function _ZN9Exception10getMessageB5cxx11Ev called 0 returned 0% blocks executed 0%
    #####:   15:    string getMessage() {
    #####:   16:        return this->msg;
    %%%%%:   16-block  0
call    0 never executed
        -:   17:    }
        -:   18:};
        -:   19:
        -:   20:class Validator{
        -:   21:public:
        -:   22:    Validator(const Validator&o) = delete;
        -:   23:    Validator() =default;
function _ZN9Validator12valid_stringERNSt7__cxx1112basic_stringIcSt11char_traitsIcESaIcEEE called 0 returned 0% blocks executed 0%
    #####:   24:    bool valid_string(string& str) {
    #####:   25:        if(str.size() == 0) return false;
    %%%%%:   25-block  0
call    0 never executed
branch  1 never executed (fallthrough)
branch  2 never executed
    %%%%%:   25-block  1
    #####:   26:        for( int i = 0; i <str.size(); i++) {
    %%%%%:   26-block  0
    %%%%%:   26-block  1
    %%%%%:   26-block  2
call    0 never executed
branch  1 never executed
branch  2 never executed (fallthrough)
    #####:   27:            if(!(str.at(i) >= 'a' && str.at(i) <= 'z') || (str.at(i) >= 'A' && str.at(i) <= 'Z') || str.at(i) == ' ') return false;
    %%%%%:   27-block  0
call    0 never executed
branch  1 never executed (fallthrough)
branch  2 never executed
    %%%%%:   27-block  1
call    3 never executed
branch  4 never executed (fallthrough)
branch  5 never executed
    %%%%%:   27-block  2
call    6 never executed
branch  7 never executed (fallthrough)
branch  8 never executed
    %%%%%:   27-block  3
call    9 never executed
branch 10 never executed (fallthrough)
branch 11 never executed
    %%%%%:   27-block  4
call   12 never executed
branch 13 never executed (fallthrough)
branch 14 never executed
    %%%%%:   27-block  5
    %%%%%:   27-block  6
    %%%%%:   27-block  7
branch 15 never executed (fallthrough)
branch 16 never executed
    %%%%%:   27-block  8
        -:   28:        }
    #####:   29:        return true;
    %%%%%:   29-block  0
        -:   30:    }
        -:   31:
function _ZN9Validator16validateActivityENSt7__cxx1112basic_stringIcSt11char_traitsIcESaIcEEES5_S5_i called 0 returned 0% blocks executed 0%
    #####:   32:    void validateActivity(std::string name, std::string description, std::string type, int time) {
    #####:   33:        string err;
    %%%%%:   33-block  0
call    0 never executed
        -:   34:
    #####:   35:        if(!valid_string(name)) err.append("Invalid name\n");
call    0 never executed
branch  1 never executed (fallthrough)
branch  2 never executed (throw)
    %%%%%:   35-block  0
branch  3 never executed (fallthrough)
branch  4 never executed
    %%%%%:   35-block  1
call    5 never executed
branch  6 never executed (fallthrough)
branch  7 never executed (throw)
    #####:   36:        if(!valid_string(description)) err.append("Invalid description\n");
    %%%%%:   36-block  0
call    0 never executed
branch  1 never executed (fallthrough)
branch  2 never executed (throw)
    %%%%%:   36-block  1
branch  3 never executed (fallthrough)
branch  4 never executed
    %%%%%:   36-block  2
call    5 never executed
branch  6 never executed (fallthrough)
branch  7 never executed (throw)
    #####:   37:        if(!valid_string(type)) err.append("Invalid type\n");
    %%%%%:   37-block  0
call    0 never executed
branch  1 never executed (fallthrough)
branch  2 never executed (throw)
    %%%%%:   37-block  1
branch  3 never executed (fallthrough)
branch  4 never executed
    %%%%%:   37-block  2
call    5 never executed
branch  6 never executed (fallthrough)
branch  7 never executed (throw)
    #####:   38:        if(time <= 0) err.append("Invalid time\n");
    %%%%%:   38-block  0
branch  0 never executed (fallthrough)
branch  1 never executed
    %%%%%:   38-block  1
call    2 never executed
branch  3 never executed (fallthrough)
branch  4 never executed (throw)
    #####:   39:        if( err.size() != 0) throw Exception(err);
    %%%%%:   39-block  0
call    0 never executed
branch  1 never executed (fallthrough)
branch  2 never executed
    %%%%%:   39-block  1
call    3 never executed
call    4 never executed
branch  5 never executed (fallthrough)
branch  6 never executed (throw)
    %%%%%:   39-block  2
call    7 never executed
branch  8 never executed (fallthrough)
branch  9 never executed (throw)
    %%%%%:   39-block  3
call   10 never executed
call   11 never executed
    $$$$$:   39-block  4
call   12 never executed
    $$$$$:   39-block  5
    $$$$$:   39-block  6
call   13 never executed
    #####:   40:    }
    %%%%%:   40-block  0
call    0 never executed
    $$$$$:   40-block  1
call    1 never executed
        -:   41:
        -:   42:};
        -:   43:
        -:   44:
        -:   45:#endif //QT_VALIDATOR_H
