        -:    0:Source:C:/Program Files/JetBrains/CLion 2023.3.4/bin/mingw/lib/gcc/x86_64-w64-mingw32/13.1.0/include/c++/bits/allocator.h
        -:    0:Graph:C:\Users\Ale\Desktop\QT\cmake-build-debug-coverage\CMakeFiles\QT.dir\tests.cpp.gcno
        -:    0:Data:C:\Users\Ale\Desktop\QT\cmake-build-debug-coverage\CMakeFiles\QT.dir\tests.cpp.gcda
        -:    0:Runs:1
        -:    1:// Allocators -*- C++ -*-
        -:    2:
        -:    3:// Copyright (C) 2001-2023 Free Software Foundation, Inc.
        -:    4://
        -:    5:// This file is part of the GNU ISO C++ Library.  This library is free
        -:    6:// software; you can redistribute it and/or modify it under the
        -:    7:// terms of the GNU General Public License as published by the
        -:    8:// Free Software Foundation; either version 3, or (at your option)
        -:    9:// any later version.
        -:   10:
        -:   11:// This library is distributed in the hope that it will be useful,
        -:   12:// but WITHOUT ANY WARRANTY; without even the implied warranty of
        -:   13:// MERCHANTABILITY or FITNESS FOR A PARTICULAR PURPOSE.  See the
        -:   14:// GNU General Public License for more details.
        -:   15:
        -:   16:// Under Section 7 of GPL version 3, you are granted additional
        -:   17:// permissions described in the GCC Runtime Library Exception, version
        -:   18:// 3.1, as published by the Free Software Foundation.
        -:   19:
        -:   20:// You should have received a copy of the GNU General Public License and
        -:   21:// a copy of the GCC Runtime Library Exception along with this program;
        -:   22:// see the files COPYING3 and COPYING.RUNTIME respectively.  If not, see
        -:   23:// <http://www.gnu.org/licenses/>.
        -:   24:
        -:   25:/*
        -:   26: * Copyright (c) 1996-1997
        -:   27: * Silicon Graphics Computer Systems, Inc.
        -:   28: *
        -:   29: * Permission to use, copy, modify, distribute and sell this software
        -:   30: * and its documentation for any purpose is hereby granted without fee,
        -:   31: * provided that the above copyright notice appear in all copies and
        -:   32: * that both that copyright notice and this permission notice appear
        -:   33: * in supporting documentation.  Silicon Graphics makes no
        -:   34: * representations about the suitability of this software for any
        -:   35: * purpose.  It is provided "as is" without express or implied warranty.
        -:   36: */
        -:   37:
        -:   38:/** @file bits/allocator.h
        -:   39: *  This is an internal header file, included by other library headers.
        -:   40: *  Do not attempt to use it directly. @headername{memory}
        -:   41: */
        -:   42:
        -:   43:#ifndef _ALLOCATOR_H
        -:   44:#define _ALLOCATOR_H 1
        -:   45:
        -:   46:#include <bits/c++allocator.h> // Define the base class to std::allocator.
        -:   47:#include <bits/memoryfwd.h>
        -:   48:#if __cplusplus >= 201103L
        -:   49:#include <type_traits>
        -:   50:#endif
        -:   51:
        -:   52:#define __cpp_lib_incomplete_container_elements 201505L
        -:   53:
        -:   54:namespace std _GLIBCXX_VISIBILITY(default)
        -:   55:{
        -:   56:_GLIBCXX_BEGIN_NAMESPACE_VERSION
        -:   57:
        -:   58:  /**
        -:   59:   *  @addtogroup allocators
        -:   60:   *  @{
        -:   61:   */
        -:   62:
        -:   63:  // Since C++20 the primary template should be used for allocator<void>,
        -:   64:  // but then it would have a non-trivial default ctor and dtor for C++20,
        -:   65:  // but trivial for C++98-17, which would be an ABI incompatibility between
        -:   66:  // different standard dialects. So C++20 still uses the allocator<void>
        -:   67:  // explicit specialization, with the historical ABI properties, but with
        -:   68:  // the same members that are present in the primary template.
        -:   69:
        -:   70:  /** std::allocator<void> specialization.
        -:   71:   *
        -:   72:   * @headerfile memory
        -:   73:   */
        -:   74:  template<>
        -:   75:    class allocator<void>
        -:   76:    {
        -:   77:    public:
        -:   78:      typedef void        value_type;
        -:   79:      typedef size_t      size_type;
        -:   80:      typedef ptrdiff_t   difference_type;
        -:   81:
        -:   82:#if __cplusplus <= 201703L
        -:   83:      // These were removed for C++20, allocator_traits does the right thing.
        -:   84:      typedef void*       pointer;
        -:   85:      typedef const void* const_pointer;
        -:   86:
        -:   87:      template<typename _Tp1>
        -:   88:	struct rebind
        -:   89:	{ typedef allocator<_Tp1> other; };
        -:   90:#endif
        -:   91:
        -:   92:#if __cplusplus >= 201103L
        -:   93:      // _GLIBCXX_RESOLVE_LIB_DEFECTS
        -:   94:      // 2103. std::allocator propagate_on_container_move_assignment
        -:   95:      using propagate_on_container_move_assignment = true_type;
        -:   96:
        -:   97:      using is_always_equal
        -:   98:	_GLIBCXX20_DEPRECATED_SUGGEST("std::allocator_traits::is_always_equal")
        -:   99:	= true_type;
        -:  100:
        -:  101:#if __cplusplus >= 202002L
        -:  102:      // As noted above, these members are present for C++20 to provide the
        -:  103:      // same API as the primary template, but still trivial as in pre-C++20.
        -:  104:      allocator() = default;
        -:  105:      ~allocator() = default;
        -:  106:
        -:  107:      template<typename _Up>
        -:  108:	__attribute__((__always_inline__))
        -:  109:	constexpr
        -:  110:	allocator(const allocator<_Up>&) noexcept { }
        -:  111:
        -:  112:      // No allocate member because it's ill-formed by LWG 3307.
        -:  113:      // No deallocate member because it would be undefined to call it
        -:  114:      // with any pointer which wasn't obtained from allocate.
        -:  115:#endif // C++20
        -:  116:#endif // C++11
        -:  117:    };
        -:  118:
        -:  119:  /**
        -:  120:   * @brief  The @a standard allocator, as per C++03 [20.4.1].
        -:  121:   *
        -:  122:   *  See https://gcc.gnu.org/onlinedocs/libstdc++/manual/memory.html#std.util.memory.allocator
        -:  123:   *  for further details.
        -:  124:   *
        -:  125:   *  @tparam  _Tp  Type of allocated object.
        -:  126:   *
        -:  127:   *  @headerfile memory
        -:  128:   */
        -:  129:  template<typename _Tp>
        -:  130:    class allocator : public __allocator_base<_Tp>
        -:  131:    {
        -:  132:    public:
        -:  133:      typedef _Tp        value_type;
        -:  134:      typedef size_t     size_type;
        -:  135:      typedef ptrdiff_t  difference_type;
        -:  136:
        -:  137:#if __cplusplus <= 201703L
        -:  138:      // These were removed for C++20.
        -:  139:      typedef _Tp*       pointer;
        -:  140:      typedef const _Tp* const_pointer;
        -:  141:      typedef _Tp&       reference;
        -:  142:      typedef const _Tp& const_reference;
        -:  143:
        -:  144:      template<typename _Tp1>
        -:  145:	struct rebind
        -:  146:	{ typedef allocator<_Tp1> other; };
        -:  147:#endif
        -:  148:
        -:  149:#if __cplusplus >= 201103L
        -:  150:      // _GLIBCXX_RESOLVE_LIB_DEFECTS
        -:  151:      // 2103. std::allocator propagate_on_container_move_assignment
        -:  152:      using propagate_on_container_move_assignment = true_type;
        -:  153:
        -:  154:      using is_always_equal
        -:  155:	_GLIBCXX20_DEPRECATED_SUGGEST("std::allocator_traits::is_always_equal")
        -:  156:	= true_type;
        -:  157:#endif
        -:  158:
        -:  159:      // _GLIBCXX_RESOLVE_LIB_DEFECTS
        -:  160:      // 3035. std::allocator's constructors should be constexpr
        -:  161:      __attribute__((__always_inline__))
        -:  162:      _GLIBCXX20_CONSTEXPR
     158*:  163:      allocator() _GLIBCXX_NOTHROW { }
    %%%%%:  163-block  0
        1:  163-block  1
    %%%%%:  163-block  2
        1:  163-block  3
        1:  163-block  4
        1:  163-block  5
        1:  163-block  6
        1:  163-block  7
        1:  163-block  8
        1:  163-block  9
        1:  163-block 10
        1:  163-block 11
        1:  163-block 12
        1:  163-block 13
        1:  163-block 14
        1:  163-block 15
        1:  163-block 16
        1:  163-block 17
        1:  163-block 18
        1:  163-block 19
        1:  163-block 20
        1:  163-block 21
        1:  163-block 22
        1:  163-block 23
        1:  163-block 24
        1:  163-block 25
        1:  163-block 26
        1:  163-block 27
        1:  163-block 28
        1:  163-block 29
        1:  163-block 30
        1:  163-block 31
        1:  163-block 32
        1:  163-block 33
        1:  163-block 34
        1:  163-block 35
        1:  163-block 36
        1:  163-block 37
        1:  163-block 38
        1:  163-block 39
        1:  163-block 40
        1:  163-block 41
        1:  163-block 42
        1:  163-block 43
        1:  163-block 44
        1:  163-block 45
        1:  163-block 46
        1:  163-block 47
        1:  163-block 48
        1:  163-block 49
        1:  163-block 50
        1:  163-block 51
        1:  163-block 52
        1:  163-block 53
        1:  163-block 54
        1:  163-block 55
        1:  163-block 56
        1:  163-block 57
        1:  163-block 58
        1:  163-block 59
        1:  163-block 60
        1:  163-block 61
        1:  163-block 62
        1:  163-block 63
        1:  163-block 64
        1:  163-block 65
        1:  163-block 66
        1:  163-block 67
        1:  163-block 68
        1:  163-block 69
        1:  163-block 70
        1:  163-block 71
        1:  163-block 72
        1:  163-block 73
        1:  163-block 74
        1:  163-block 75
        1:  163-block 76
        1:  163-block 77
        1:  163-block 78
        1:  163-block 79
        1:  163-block 80
        1:  163-block 81
        1:  163-block 82
        1:  163-block 83
        1:  163-block 84
        1:  163-block 85
        1:  163-block 86
        1:  163-block 87
        1:  163-block 88
        1:  163-block 89
        1:  163-block 90
        1:  163-block 91
        1:  163-block 92
        1:  163-block 93
        1:  163-block 94
        1:  163-block 95
        1:  163-block 96
        1:  163-block 97
        1:  163-block 98
        1:  163-block 99
        1:  163-block 100
        1:  163-block 101
        1:  163-block 102
        1:  163-block 103
        1:  163-block 104
        1:  163-block 105
        1:  163-block 106
        1:  163-block 107
        1:  163-block 108
        1:  163-block 109
        1:  163-block 110
        1:  163-block 111
        1:  163-block 112
        1:  163-block 113
        1:  163-block 114
        1:  163-block 115
        1:  163-block 116
        1:  163-block 117
        1:  163-block 118
        1:  163-block 119
        1:  163-block 120
        1:  163-block 121
        1:  163-block 122
        1:  163-block 123
        1:  163-block 124
        1:  163-block 125
        1:  163-block 126
        1:  163-block 127
        1:  163-block 128
        1:  163-block 129
        1:  163-block 130
        1:  163-block 131
        1:  163-block 132
        1:  163-block 133
        1:  163-block 134
        1:  163-block 135
        1:  163-block 136
        1:  163-block 137
        1:  163-block 138
        1:  163-block 139
        1:  163-block 140
        1:  163-block 141
        1:  163-block 142
        1:  163-block 143
        1:  163-block 144
        1:  163-block 145
        1:  163-block 146
        1:  163-block 147
        1:  163-block 148
        1:  163-block 149
        1:  163-block 150
        1:  163-block 151
        1:  163-block 152
        1:  163-block 153
        1:  163-block 154
        1:  163-block 155
        1:  163-block 156
        1:  163-block 157
        1:  163-block 158
        1:  163-block 159
        -:  164:
        -:  165:      __attribute__((__always_inline__))
        -:  166:      _GLIBCXX20_CONSTEXPR
        -:  167:      allocator(const allocator& __a) _GLIBCXX_NOTHROW
        -:  168:      : __allocator_base<_Tp>(__a) { }
        -:  169:
        -:  170:#if __cplusplus >= 201103L
        -:  171:      // Avoid implicit deprecation.
        -:  172:      allocator& operator=(const allocator&) = default;
        -:  173:#endif
        -:  174:
        -:  175:      template<typename _Tp1>
        -:  176:	__attribute__((__always_inline__))
        -:  177:	_GLIBCXX20_CONSTEXPR
    #####:  178:	allocator(const allocator<_Tp1>&) _GLIBCXX_NOTHROW { }
    %%%%%:  178-block  0
    %%%%%:  178-block  1
    %%%%%:  178-block  2
        -:  179:
        -:  180:      __attribute__((__always_inline__))
        -:  181:#if __cpp_constexpr_dynamic_alloc
        -:  182:      constexpr
        -:  183:#endif
     157*:  184:      ~allocator() _GLIBCXX_NOTHROW { }
call    0 never executed
    $$$$$:  184-block  0
call    1 never executed
call    2 never executed
call    3 never executed
call    4 returned 1
call    5 returned 1
call    6 returned 1
call    7 returned 1
call    8 returned 1
call    9 returned 1
call   10 returned 1
    $$$$$:  184-block  1
call   11 never executed
    $$$$$:  184-block  2
call   12 never executed
    $$$$$:  184-block  3
call   13 never executed
    $$$$$:  184-block  4
call   14 never executed
    $$$$$:  184-block  5
call   15 never executed
    $$$$$:  184-block  6
call   16 never executed
    $$$$$:  184-block  7
call   17 never executed
call   18 returned 1
call   19 returned 1
call   20 returned 1
call   21 returned 1
call   22 returned 1
call   23 returned 1
call   24 returned 1
call   25 returned 1
call   26 returned 1
call   27 returned 1
call   28 returned 1
call   29 returned 1
call   30 returned 1
call   31 returned 1
call   32 returned 1
    $$$$$:  184-block  8
call   33 never executed
    $$$$$:  184-block  9
call   34 never executed
    $$$$$:  184-block 10
call   35 never executed
    $$$$$:  184-block 11
call   36 never executed
    $$$$$:  184-block 12
call   37 never executed
    $$$$$:  184-block 13
call   38 never executed
    $$$$$:  184-block 14
call   39 never executed
    $$$$$:  184-block 15
call   40 never executed
    $$$$$:  184-block 16
call   41 never executed
    $$$$$:  184-block 17
call   42 never executed
    $$$$$:  184-block 18
call   43 never executed
    $$$$$:  184-block 19
call   44 never executed
    $$$$$:  184-block 20
call   45 never executed
    $$$$$:  184-block 21
call   46 never executed
    $$$$$:  184-block 22
call   47 never executed
call   48 returned 1
call   49 returned 1
call   50 returned 1
call   51 returned 1
call   52 returned 1
call   53 returned 1
call   54 returned 1
call   55 returned 1
call   56 returned 1
call   57 returned 1
call   58 returned 1
    $$$$$:  184-block 23
call   59 never executed
    $$$$$:  184-block 24
call   60 never executed
    $$$$$:  184-block 25
call   61 never executed
    $$$$$:  184-block 26
call   62 never executed
    $$$$$:  184-block 27
call   63 never executed
    $$$$$:  184-block 28
call   64 never executed
    $$$$$:  184-block 29
call   65 never executed
    $$$$$:  184-block 30
call   66 never executed
    $$$$$:  184-block 31
call   67 never executed
    $$$$$:  184-block 32
call   68 never executed
    $$$$$:  184-block 33
call   69 never executed
call   70 returned 1
call   71 returned 1
call   72 returned 1
call   73 returned 1
call   74 returned 1
call   75 returned 1
call   76 returned 1
call   77 returned 1
call   78 returned 1
        1:  184-block 34
call   79 returned 1
        1:  184-block 35
call   80 returned 1
    $$$$$:  184-block 36
call   81 never executed
    $$$$$:  184-block 37
call   82 never executed
    $$$$$:  184-block 38
call   83 never executed
    $$$$$:  184-block 39
call   84 never executed
    $$$$$:  184-block 40
call   85 never executed
    $$$$$:  184-block 41
call   86 never executed
    $$$$$:  184-block 42
call   87 never executed
    $$$$$:  184-block 43
call   88 never executed
    $$$$$:  184-block 44
call   89 never executed
    $$$$$:  184-block 45
call   90 never executed
    $$$$$:  184-block 46
call   91 never executed
call   92 never executed
call   93 never executed
call   94 never executed
        1:  184-block 47
call   95 returned 1
        1:  184-block 48
call   96 returned 1
        1:  184-block 49
call   97 returned 1
call   98 returned 1
call   99 returned 1
call   100 returned 1
call   101 returned 1
call   102 returned 1
call   103 returned 1
call   104 returned 1
call   105 returned 1
call   106 returned 1
call   107 returned 1
call   108 returned 1
call   109 returned 1
call   110 returned 1
call   111 returned 1
call   112 returned 1
    $$$$$:  184-block 50
call   113 never executed
    $$$$$:  184-block 51
call   114 never executed
    $$$$$:  184-block 52
call   115 never executed
    $$$$$:  184-block 53
call   116 never executed
    $$$$$:  184-block 54
call   117 never executed
    $$$$$:  184-block 55
call   118 never executed
    $$$$$:  184-block 56
call   119 never executed
    $$$$$:  184-block 57
call   120 never executed
    $$$$$:  184-block 58
call   121 never executed
    $$$$$:  184-block 59
call   122 never executed
    $$$$$:  184-block 60
call   123 never executed
    $$$$$:  184-block 61
call   124 never executed
    $$$$$:  184-block 62
call   125 never executed
    $$$$$:  184-block 63
call   126 never executed
    $$$$$:  184-block 64
call   127 never executed
call   128 returned 1
call   129 returned 1
call   130 returned 1
call   131 returned 1
call   132 returned 1
call   133 returned 1
call   134 returned 1
call   135 returned 1
call   136 returned 1
call   137 returned 1
call   138 returned 1
call   139 returned 1
call   140 returned 1
call   141 returned 1
call   142 returned 1
    $$$$$:  184-block 65
call   143 never executed
    $$$$$:  184-block 66
call   144 never executed
    $$$$$:  184-block 67
call   145 never executed
    $$$$$:  184-block 68
call   146 never executed
    $$$$$:  184-block 69
call   147 never executed
    $$$$$:  184-block 70
call   148 never executed
    $$$$$:  184-block 71
call   149 never executed
    $$$$$:  184-block 72
call   150 never executed
    $$$$$:  184-block 73
call   151 never executed
    $$$$$:  184-block 74
call   152 never executed
    $$$$$:  184-block 75
call   153 never executed
    $$$$$:  184-block 76
call   154 never executed
    $$$$$:  184-block 77
call   155 never executed
    $$$$$:  184-block 78
call   156 never executed
    $$$$$:  184-block 79
call   157 never executed
call   158 returned 1
call   159 returned 1
call   160 returned 1
call   161 returned 1
call   162 returned 1
call   163 returned 1
call   164 returned 1
call   165 returned 1
call   166 returned 1
        1:  184-block 80
call   167 returned 1
        1:  184-block 81
call   168 returned 1
        1:  184-block 82
call   169 returned 1
    $$$$$:  184-block 83
call   170 never executed
    $$$$$:  184-block 84
call   171 never executed
    $$$$$:  184-block 85
call   172 never executed
    $$$$$:  184-block 86
call   173 never executed
    $$$$$:  184-block 87
call   174 never executed
    $$$$$:  184-block 88
call   175 never executed
    $$$$$:  184-block 89
call   176 never executed
    $$$$$:  184-block 90
call   177 never executed
    $$$$$:  184-block 91
call   178 never executed
    $$$$$:  184-block 92
call   179 never executed
    $$$$$:  184-block 93
call   180 never executed
    $$$$$:  184-block 94
call   181 never executed
call   182 returned 1
call   183 returned 1
call   184 returned 1
call   185 returned 1
call   186 returned 1
call   187 returned 1
    $$$$$:  184-block 95
call   188 never executed
    $$$$$:  184-block 96
call   189 never executed
    $$$$$:  184-block 97
call   190 never executed
    $$$$$:  184-block 98
call   191 never executed
    $$$$$:  184-block 99
call   192 never executed
    $$$$$:  184-block 100
call   193 never executed
call   194 returned 1
call   195 returned 1
call   196 returned 1
    $$$$$:  184-block 101
call   197 never executed
    $$$$$:  184-block 102
call   198 never executed
    $$$$$:  184-block 103
call   199 never executed
call   200 returned 1
call   201 returned 1
call   202 returned 1
call   203 returned 1
call   204 returned 1
call   205 returned 1
call   206 returned 1
        1:  184-block 104
call   207 returned 1
        1:  184-block 105
call   208 returned 1
        1:  184-block 106
call   209 returned 1
    $$$$$:  184-block 107
call   210 never executed
    $$$$$:  184-block 108
call   211 never executed
    $$$$$:  184-block 109
call   212 never executed
    $$$$$:  184-block 110
call   213 never executed
    $$$$$:  184-block 111
call   214 never executed
    $$$$$:  184-block 112
call   215 never executed
    $$$$$:  184-block 113
call   216 never executed
    $$$$$:  184-block 114
call   217 never executed
    $$$$$:  184-block 115
call   218 never executed
    $$$$$:  184-block 116
call   219 never executed
call   220 returned 1
call   221 returned 1
call   222 returned 1
call   223 returned 1
call   224 returned 1
call   225 returned 1
    $$$$$:  184-block 117
call   226 never executed
    $$$$$:  184-block 118
call   227 never executed
    $$$$$:  184-block 119
call   228 never executed
    $$$$$:  184-block 120
call   229 never executed
    $$$$$:  184-block 121
call   230 never executed
    $$$$$:  184-block 122
call   231 never executed
call   232 returned 1
call   233 returned 1
call   234 returned 1
call   235 returned 1
call   236 returned 1
call   237 returned 1
call   238 returned 1
call   239 returned 1
call   240 returned 1
call   241 returned 1
call   242 returned 1
call   243 returned 1
call   244 returned 1
call   245 returned 1
call   246 returned 1
    $$$$$:  184-block 123
call   247 never executed
    $$$$$:  184-block 124
call   248 never executed
    $$$$$:  184-block 125
call   249 never executed
    $$$$$:  184-block 126
call   250 never executed
    $$$$$:  184-block 127
call   251 never executed
    $$$$$:  184-block 128
call   252 never executed
    $$$$$:  184-block 129
call   253 never executed
    $$$$$:  184-block 130
call   254 never executed
    $$$$$:  184-block 131
call   255 never executed
    $$$$$:  184-block 132
call   256 never executed
    $$$$$:  184-block 133
call   257 never executed
    $$$$$:  184-block 134
call   258 never executed
    $$$$$:  184-block 135
call   259 never executed
    $$$$$:  184-block 136
call   260 never executed
    $$$$$:  184-block 137
call   261 never executed
call   262 returned 1
call   263 returned 1
call   264 returned 1
call   265 returned 1
call   266 returned 1
call   267 returned 1
        1:  184-block 138
call   268 returned 1
        1:  184-block 139
call   269 returned 1
        1:  184-block 140
call   270 returned 1
        1:  184-block 141
call   271 returned 1
        1:  184-block 142
call   272 returned 1
        1:  184-block 143
call   273 returned 1
        1:  184-block 144
call   274 returned 1
call   275 returned 1
call   276 returned 1
call   277 returned 1
call   278 returned 1
call   279 returned 1
call   280 returned 1
call   281 returned 1
call   282 returned 1
call   283 returned 1
    $$$$$:  184-block 145
call   284 never executed
    $$$$$:  184-block 146
call   285 never executed
    $$$$$:  184-block 147
call   286 never executed
    $$$$$:  184-block 148
call   287 never executed
    $$$$$:  184-block 149
call   288 never executed
    $$$$$:  184-block 150
call   289 never executed
    $$$$$:  184-block 151
call   290 never executed
    $$$$$:  184-block 152
call   291 never executed
    $$$$$:  184-block 153
call   292 never executed
    $$$$$:  184-block 154
call   293 never executed
    $$$$$:  184-block 155
call   294 never executed
    $$$$$:  184-block 156
call   295 never executed
    $$$$$:  184-block 157
call   296 never executed
    $$$$$:  184-block 158
call   297 never executed
    $$$$$:  184-block 159
call   298 never executed
    $$$$$:  184-block 160
call   299 never executed
    $$$$$:  184-block 161
call   300 never executed
    $$$$$:  184-block 162
call   301 never executed
    $$$$$:  184-block 163
call   302 never executed
    $$$$$:  184-block 164
call   303 never executed
    $$$$$:  184-block 165
call   304 never executed
    $$$$$:  184-block 166
call   305 never executed
call   306 returned 1
call   307 returned 1
call   308 returned 1
    $$$$$:  184-block 167
call   309 never executed
    $$$$$:  184-block 168
call   310 never executed
    $$$$$:  184-block 169
call   311 never executed
call   312 returned 1
call   313 returned 1
call   314 returned 1
    $$$$$:  184-block 170
call   315 never executed
    $$$$$:  184-block 171
call   316 never executed
    $$$$$:  184-block 172
call   317 never executed
        -:  185:
        -:  186:#if __cplusplus > 201703L
        -:  187:      [[nodiscard,__gnu__::__always_inline__]]
        -:  188:      constexpr _Tp*
        -:  189:      allocate(size_t __n)
        -:  190:      {
        -:  191:	if (std::__is_constant_evaluated())
        -:  192:	  {
        -:  193:	    if (__builtin_mul_overflow(__n, sizeof(_Tp), &__n))
        -:  194:	      std::__throw_bad_array_new_length();
        -:  195:	    return static_cast<_Tp*>(::operator new(__n));
        -:  196:	  }
        -:  197:
        -:  198:	return __allocator_base<_Tp>::allocate(__n, 0);
        -:  199:      }
        -:  200:
        -:  201:      [[__gnu__::__always_inline__]]
        -:  202:      constexpr void
        -:  203:      deallocate(_Tp* __p, size_t __n)
        -:  204:      {
        -:  205:	if (std::__is_constant_evaluated())
        -:  206:	  {
        -:  207:	    ::operator delete(__p);
        -:  208:	    return;
        -:  209:	  }
        -:  210:	__allocator_base<_Tp>::deallocate(__p, __n);
        -:  211:      }
        -:  212:#endif // C++20
        -:  213:
        -:  214:      friend __attribute__((__always_inline__)) _GLIBCXX20_CONSTEXPR
        -:  215:      bool
        -:  216:      operator==(const allocator&, const allocator&) _GLIBCXX_NOTHROW
        -:  217:      { return true; }
        -:  218:
        -:  219:#if __cpp_impl_three_way_comparison < 201907L
        -:  220:      friend __attribute__((__always_inline__)) _GLIBCXX20_CONSTEXPR
        -:  221:      bool
        -:  222:      operator!=(const allocator&, const allocator&) _GLIBCXX_NOTHROW
        -:  223:      { return false; }
        -:  224:#endif
        -:  225:
        -:  226:      // Inherit everything else.
        -:  227:    };
        -:  228:
        -:  229:  /** Equality comparison for std::allocator objects
        -:  230:   *
        -:  231:   * @return true, for all std::allocator objects.
        -:  232:   * @relates std::allocator
        -:  233:   */
        -:  234:  template<typename _T1, typename _T2>
        -:  235:    __attribute__((__always_inline__))
        -:  236:    inline _GLIBCXX20_CONSTEXPR bool
        -:  237:    operator==(const allocator<_T1>&, const allocator<_T2>&)
        -:  238:    _GLIBCXX_NOTHROW
        -:  239:    { return true; }
        -:  240:
        -:  241:#if __cpp_impl_three_way_comparison < 201907L
        -:  242:  template<typename _T1, typename _T2>
        -:  243:    __attribute__((__always_inline__))
        -:  244:    inline _GLIBCXX20_CONSTEXPR bool
        -:  245:    operator!=(const allocator<_T1>&, const allocator<_T2>&)
        -:  246:    _GLIBCXX_NOTHROW
        -:  247:    { return false; }
        -:  248:#endif
        -:  249:
        -:  250:  /// @cond undocumented
        -:  251:
        -:  252:  // Invalid allocator<cv T> partial specializations.
        -:  253:  // allocator_traits::rebind_alloc can be used to form a valid allocator type.
        -:  254:  template<typename _Tp>
        -:  255:    class allocator<const _Tp>
        -:  256:    {
        -:  257:    public:
        -:  258:      typedef _Tp value_type;
        -:  259:      template<typename _Up> allocator(const allocator<_Up>&) { }
        -:  260:    };
        -:  261:
        -:  262:  template<typename _Tp>
        -:  263:    class allocator<volatile _Tp>
        -:  264:    {
        -:  265:    public:
        -:  266:      typedef _Tp value_type;
        -:  267:      template<typename _Up> allocator(const allocator<_Up>&) { }
        -:  268:    };
        -:  269:
        -:  270:  template<typename _Tp>
        -:  271:    class allocator<const volatile _Tp>
        -:  272:    {
        -:  273:    public:
        -:  274:      typedef _Tp value_type;
        -:  275:      template<typename _Up> allocator(const allocator<_Up>&) { }
        -:  276:    };
        -:  277:  /// @endcond
        -:  278:
        -:  279:  /// @} group allocator
        -:  280:
        -:  281:  // Inhibit implicit instantiations for required instantiations,
        -:  282:  // which are defined via explicit instantiations elsewhere.
        -:  283:#if _GLIBCXX_EXTERN_TEMPLATE
        -:  284:  extern template class allocator<char>;
        -:  285:  extern template class allocator<wchar_t>;
        -:  286:#endif
        -:  287:
        -:  288:  // Undefine.
        -:  289:#undef __allocator_base
        -:  290:
        -:  291:_GLIBCXX_END_NAMESPACE_VERSION
        -:  292:} // namespace std
        -:  293:
        -:  294:#endif
